#
# There is insufficient memory for the Java Runtime Environment to continue.
# Native memory allocation (malloc) failed to allocate 205776 bytes for Chunk::new
# Possible reasons:
#   The system is out of physical RAM or swap space
#   The process is running with CompressedOops enabled, and the Java Heap may be blocking the growth of the native heap
# Possible solutions:
#   Reduce memory load on the system
#   Increase physical memory or swap space
#   Check if swap backing store is full
#   Decrease Java heap size (-Xmx/-Xms)
#   Decrease number of Java threads
#   Decrease Java thread stack sizes (-Xss)
#   Set larger code cache with -XX:ReservedCodeCacheSize=
#   JVM is running with Unscaled Compressed Oops mode in which the Java heap is
#     placed in the first 4GB address space. The Java Heap base address is the
#     maximum limit for the native heap growth. Please use -XX:HeapBaseMinAddress
#     to set the Java Heap base and to place the Java Heap above 4GB virtual address.
# This output file may be truncated or incomplete.
#
#  Out of Memory Error (arena.cpp:195), pid=18472, tid=720
#
# JRE version: OpenJDK Runtime Environment (16.0.2+7) (build 16.0.2+7-67)
# Java VM: OpenJDK 64-Bit Server VM (16.0.2+7-67, mixed mode, tiered, compressed oops, compressed class ptrs, g1 gc, windows-amd64)
# No core dump will be written. Minidumps are not enabled by default on client versions of Windows
#

---------------  S U M M A R Y ------------

Command Line: -Djava.library.path=C:\Program Files (x86)\opencv\build\java\x64 -Dfile.encoding=Cp1252 --module-path=C:\Users\user\Desktop\twizzy\bin;C:\Program Files (x86)\opencv\build\java\opencv-455.jar -XX:+ShowCodeDetailsInExceptionMessages -Djdk.module.main=TwizyProject TwizyProject/ImageProcessing.Main

Host: 11th Gen Intel(R) Core(TM) i5-1135G7 @ 2.40GHz, 8 cores, 7G,  Windows 10 , 64 bit Build 19041 (10.0.19041.1645)
Time: Fri Apr 22 03:05:15 2022 Paris, Madrid elapsed time: 845.072478 seconds (0d 0h 14m 5s)

---------------  T H R E A D  ---------------

Current thread (0x00000168e38065c0):  JavaThread "C2 CompilerThread0" daemon [_thread_in_native, id=720, stack(0x0000005b35300000,0x0000005b35400000)]


Current CompileTask:
C2: 845072  974       4       jdk.internal.org.objectweb.asm.SymbolTable::addConstantUtf8 (98 bytes)

Stack: [0x0000005b35300000,0x0000005b35400000]
Native frames: (J=compiled Java code, j=interpreted, Vv=VM code, C=native code)
V  [jvm.dll+0x6681ca]
V  [jvm.dll+0x7c9e69]
V  [jvm.dll+0x7cb61e]
V  [jvm.dll+0x7cbc73]
V  [jvm.dll+0x242c55]
V  [jvm.dll+0xadeba]
V  [jvm.dll+0xae45c]
V  [jvm.dll+0x2a4cdf]
V  [jvm.dll+0x573c29]
V  [jvm.dll+0x21e48e]
V  [jvm.dll+0x21789c]
V  [jvm.dll+0x214ffc]
V  [jvm.dll+0x1a1beb]
V  [jvm.dll+0x225158]
V  [jvm.dll+0x22319c]
V  [jvm.dll+0x77fa62]
V  [jvm.dll+0x7795aa]
V  [jvm.dll+0x667066]
C  [ucrtbase.dll+0x21bb2]
C  [KERNEL32.DLL+0x17034]
C  [ntdll.dll+0x52651]


---------------  P R O C E S S  ---------------

Threads class SMR info:
_java_thread_list=0x00000168e421c480, length=16, elements={
0x00000168e2c08ce0, 0x00000168e2c097f0, 0x00000168e2c605a0, 0x00000168e2c62ec0,
0x00000168e2c638c0, 0x00000168e3802480, 0x00000168e38065c0, 0x00000168e3822020,
0x00000168e2c6bfc0, 0x00000168e3953a50, 0x00000168e3b0ab30, 0x00000168e41dafd0,
0x00000168e41b3600, 0x00000168e41abfd0, 0x00000168e40e8030, 0x00000168c6f08920
}

Java Threads: ( => current thread )
  0x00000168e2c08ce0 JavaThread "Reference Handler" daemon [_thread_blocked, id=2016, stack(0x0000005b34d00000,0x0000005b34e00000)]
  0x00000168e2c097f0 JavaThread "Finalizer" daemon [_thread_blocked, id=12332, stack(0x0000005b34e00000,0x0000005b34f00000)]
  0x00000168e2c605a0 JavaThread "Signal Dispatcher" daemon [_thread_blocked, id=24320, stack(0x0000005b34f00000,0x0000005b35000000)]
  0x00000168e2c62ec0 JavaThread "Attach Listener" daemon [_thread_blocked, id=24272, stack(0x0000005b35000000,0x0000005b35100000)]
  0x00000168e2c638c0 JavaThread "Service Thread" daemon [_thread_blocked, id=10440, stack(0x0000005b35100000,0x0000005b35200000)]
  0x00000168e3802480 JavaThread "Monitor Deflation Thread" daemon [_thread_blocked, id=24772, stack(0x0000005b35200000,0x0000005b35300000)]
=>0x00000168e38065c0 JavaThread "C2 CompilerThread0" daemon [_thread_in_native, id=720, stack(0x0000005b35300000,0x0000005b35400000)]
  0x00000168e3822020 JavaThread "C1 CompilerThread0" daemon [_thread_in_native, id=944, stack(0x0000005b35400000,0x0000005b35500000)]
  0x00000168e2c6bfc0 JavaThread "Sweeper thread" daemon [_thread_blocked, id=22644, stack(0x0000005b35500000,0x0000005b35600000)]
  0x00000168e3953a50 JavaThread "Common-Cleaner" daemon [_thread_blocked, id=25748, stack(0x0000005b35600000,0x0000005b35700000)]
  0x00000168e3b0ab30 JavaThread "Notification Thread" daemon [_thread_blocked, id=25036, stack(0x0000005b35700000,0x0000005b35800000)]
  0x00000168e41dafd0 JavaThread "Java2D Disposer" daemon [_thread_blocked, id=24592, stack(0x0000005b36100000,0x0000005b36200000)]
  0x00000168e41b3600 JavaThread "AWT-Shutdown" [_thread_blocked, id=7548, stack(0x0000005b36200000,0x0000005b36300000)]
  0x00000168e41abfd0 JavaThread "AWT-Windows" daemon [_thread_in_native, id=25544, stack(0x0000005b36300000,0x0000005b36400000)]
  0x00000168e40e8030 JavaThread "AWT-EventQueue-0" [_thread_in_native, id=16048, stack(0x0000005b36400000,0x0000005b36500000)]
  0x00000168c6f08920 JavaThread "DestroyJavaVM" [_thread_blocked, id=16448, stack(0x0000005b34600000,0x0000005b34700000)]

Other Threads:
  0x00000168e2c07750 VMThread "VM Thread" [stack: 0x0000005b34c00000,0x0000005b34d00000] [id=23604]
  0x00000168c6f0a930 WatcherThread [stack: 0x0000005b35800000,0x0000005b35900000] [id=23232]
  0x00000168c6f47b30 GCTaskThread "GC Thread#0" [stack: 0x0000005b34700000,0x0000005b34800000] [id=16480]
  0x00000168e40a93b0 GCTaskThread "GC Thread#1" [stack: 0x0000005b36500000,0x0000005b36600000] [id=6416]
  0x00000168e40a96c0 GCTaskThread "GC Thread#2" [stack: 0x0000005b36600000,0x0000005b36700000] [id=6660]
  0x00000168e43f65c0 GCTaskThread "GC Thread#3" [stack: 0x0000005b36700000,0x0000005b36800000] [id=23912]
  0x00000168e43f6ca0 GCTaskThread "GC Thread#4" [stack: 0x0000005b36800000,0x0000005b36900000] [id=23152]
  0x00000168e43f7790 GCTaskThread "GC Thread#5" [stack: 0x0000005b36900000,0x0000005b36a00000] [id=21420]
  0x00000168e43fe1a0 GCTaskThread "GC Thread#6" [stack: 0x0000005b36a00000,0x0000005b36b00000] [id=18660]
  0x00000168e43fe4b0 GCTaskThread "GC Thread#7" [stack: 0x0000005b36b00000,0x0000005b36c00000] [id=23000]
  0x00000168c6f58dd0 ConcurrentGCThread "G1 Main Marker" [stack: 0x0000005b34800000,0x0000005b34900000] [id=10484]
  0x00000168c6f598c0 ConcurrentGCThread "G1 Conc#0" [stack: 0x0000005b34900000,0x0000005b34a00000] [id=16816]
  0x00000168c6fe7200 ConcurrentGCThread "G1 Refine#0" [stack: 0x0000005b34a00000,0x0000005b34b00000] [id=16500]
  0x00000168c6fe9d10 ConcurrentGCThread "G1 Service" [stack: 0x0000005b34b00000,0x0000005b34c00000] [id=24808]

Threads with active compile tasks:
C2 CompilerThread0   845085  974       4       jdk.internal.org.objectweb.asm.SymbolTable::addConstantUtf8 (98 bytes)

VM state: not at safepoint (normal execution)

VM Mutex/Monitor currently owned by a thread: None

Heap address: 0x0000000083200000, size: 1998 MB, Compressed Oops mode: 32-bit

CDS disabled.
Compressed class space mapped at: 0x0000000100000000-0x0000000140000000, reserved size: 1073741824
Narrow klass base: 0x0000000000000000, Narrow klass shift: 3, Narrow klass range: 0x140000000

GC Precious Log:
 CPUs: 8 total, 8 available
 Memory: 7991M
 Large Page Support: Disabled
 NUMA Support: Disabled
 Compressed Oops: Enabled (32-bit)
 Heap Region Size: 1M
 Heap Min Capacity: 8M
 Heap Initial Capacity: 126M
 Heap Max Capacity: 1998M
 Pre-touch: Disabled
 Parallel Workers: 8
 Concurrent Workers: 2
 Concurrent Refinement Workers: 8
 Periodic GC: Disabled

Heap:
 garbage-first heap   total 129024K, used 15486K [0x0000000083200000, 0x0000000100000000)
  region size 1024K, 11 young (11264K), 3 survivors (3072K)
 Metaspace       used 15400K, committed 15552K, reserved 1064960K
  class space    used 1484K, committed 1536K, reserved 1048576K

Heap Regions: E=young(eden), S=young(survivor), O=old, HS=humongous(starts), HC=humongous(continues), CS=collection set, F=free, OA=open archive, CA=closed archive, TAMS=top-at-mark-start (previous, next)
|   0|0x0000000083200000, 0x0000000083300000, 0x0000000083300000|100%|HS|  |TAMS 0x0000000083200000, 0x0000000083200000| Complete 
|   1|0x0000000083300000, 0x0000000083400000, 0x0000000083400000|100%|HS|  |TAMS 0x0000000083300000, 0x0000000083300000| Complete 
|   2|0x0000000083400000, 0x0000000083500000, 0x0000000083500000|100%|HC|  |TAMS 0x0000000083400000, 0x0000000083400000| Complete 
|   3|0x0000000083500000, 0x0000000083600000, 0x0000000083600000|100%|HC|  |TAMS 0x0000000083500000, 0x0000000083500000| Complete 
|   4|0x0000000083600000, 0x0000000083700000, 0x0000000083700000|100%|HC|  |TAMS 0x0000000083600000, 0x0000000083600000| Complete 
|   5|0x0000000083700000, 0x0000000083800000, 0x0000000083800000|100%|HC|  |TAMS 0x0000000083700000, 0x0000000083700000| Complete 
|   6|0x0000000083800000, 0x0000000083800000, 0x0000000083900000|  0%| F|  |TAMS 0x0000000083800000, 0x0000000083800000| Untracked 
|   7|0x0000000083900000, 0x0000000083900000, 0x0000000083a00000|  0%| F|  |TAMS 0x0000000083900000, 0x0000000083900000| Untracked 
|   8|0x0000000083a00000, 0x0000000083a00000, 0x0000000083b00000|  0%| F|  |TAMS 0x0000000083a00000, 0x0000000083a00000| Untracked 
|   9|0x0000000083b00000, 0x0000000083b00000, 0x0000000083c00000|  0%| F|  |TAMS 0x0000000083b00000, 0x0000000083b00000| Untracked 
|  10|0x0000000083c00000, 0x0000000083c00000, 0x0000000083d00000|  0%| F|  |TAMS 0x0000000083c00000, 0x0000000083c00000| Untracked 
|  11|0x0000000083d00000, 0x0000000083d00000, 0x0000000083e00000|  0%| F|  |TAMS 0x0000000083d00000, 0x0000000083d00000| Untracked 
|  12|0x0000000083e00000, 0x0000000083e00000, 0x0000000083f00000|  0%| F|  |TAMS 0x0000000083e00000, 0x0000000083e00000| Untracked 
|  13|0x0000000083f00000, 0x0000000083f00000, 0x0000000084000000|  0%| F|  |TAMS 0x0000000083f00000, 0x0000000083f00000| Untracked 
|  14|0x0000000084000000, 0x0000000084000000, 0x0000000084100000|  0%| F|  |TAMS 0x0000000084000000, 0x0000000084000000| Untracked 
|  15|0x0000000084100000, 0x0000000084100000, 0x0000000084200000|  0%| F|  |TAMS 0x0000000084100000, 0x0000000084100000| Untracked 
|  16|0x0000000084200000, 0x0000000084200000, 0x0000000084300000|  0%| F|  |TAMS 0x0000000084200000, 0x0000000084200000| Untracked 
|  17|0x0000000084300000, 0x0000000084300000, 0x0000000084400000|  0%| F|  |TAMS 0x0000000084300000, 0x0000000084300000| Untracked 
|  18|0x0000000084400000, 0x0000000084400000, 0x0000000084500000|  0%| F|  |TAMS 0x0000000084400000, 0x0000000084400000| Untracked 
|  19|0x0000000084500000, 0x0000000084500000, 0x0000000084600000|  0%| F|  |TAMS 0x0000000084500000, 0x0000000084500000| Untracked 
|  20|0x0000000084600000, 0x0000000084600000, 0x0000000084700000|  0%| F|  |TAMS 0x0000000084600000, 0x0000000084600000| Untracked 
|  21|0x0000000084700000, 0x0000000084700000, 0x0000000084800000|  0%| F|  |TAMS 0x0000000084700000, 0x0000000084700000| Untracked 
|  22|0x0000000084800000, 0x0000000084800000, 0x0000000084900000|  0%| F|  |TAMS 0x0000000084800000, 0x0000000084800000| Untracked 
|  23|0x0000000084900000, 0x0000000084900000, 0x0000000084a00000|  0%| F|  |TAMS 0x0000000084900000, 0x0000000084900000| Untracked 
|  24|0x0000000084a00000, 0x0000000084a00000, 0x0000000084b00000|  0%| F|  |TAMS 0x0000000084a00000, 0x0000000084a00000| Untracked 
|  25|0x0000000084b00000, 0x0000000084b00000, 0x0000000084c00000|  0%| F|  |TAMS 0x0000000084b00000, 0x0000000084b00000| Untracked 
|  26|0x0000000084c00000, 0x0000000084c00000, 0x0000000084d00000|  0%| F|  |TAMS 0x0000000084c00000, 0x0000000084c00000| Untracked 
|  27|0x0000000084d00000, 0x0000000084d00000, 0x0000000084e00000|  0%| F|  |TAMS 0x0000000084d00000, 0x0000000084d00000| Untracked 
|  28|0x0000000084e00000, 0x0000000084e00000, 0x0000000084f00000|  0%| F|  |TAMS 0x0000000084e00000, 0x0000000084e00000| Untracked 
|  29|0x0000000084f00000, 0x0000000084f00000, 0x0000000085000000|  0%| F|  |TAMS 0x0000000084f00000, 0x0000000084f00000| Untracked 
|  30|0x0000000085000000, 0x0000000085000000, 0x0000000085100000|  0%| F|  |TAMS 0x0000000085000000, 0x0000000085000000| Untracked 
|  31|0x0000000085100000, 0x0000000085100000, 0x0000000085200000|  0%| F|  |TAMS 0x0000000085100000, 0x0000000085100000| Untracked 
|  32|0x0000000085200000, 0x0000000085200000, 0x0000000085300000|  0%| F|  |TAMS 0x0000000085200000, 0x0000000085200000| Untracked 
|  33|0x0000000085300000, 0x0000000085300000, 0x0000000085400000|  0%| F|  |TAMS 0x0000000085300000, 0x0000000085300000| Untracked 
|  34|0x0000000085400000, 0x0000000085400000, 0x0000000085500000|  0%| F|  |TAMS 0x0000000085400000, 0x0000000085400000| Untracked 
|  35|0x0000000085500000, 0x0000000085500000, 0x0000000085600000|  0%| F|  |TAMS 0x0000000085500000, 0x0000000085500000| Untracked 
|  36|0x0000000085600000, 0x0000000085600000, 0x0000000085700000|  0%| F|  |TAMS 0x0000000085600000, 0x0000000085600000| Untracked 
|  37|0x0000000085700000, 0x0000000085700000, 0x0000000085800000|  0%| F|  |TAMS 0x0000000085700000, 0x0000000085700000| Untracked 
|  38|0x0000000085800000, 0x0000000085800000, 0x0000000085900000|  0%| F|  |TAMS 0x0000000085800000, 0x0000000085800000| Untracked 
|  39|0x0000000085900000, 0x0000000085900000, 0x0000000085a00000|  0%| F|  |TAMS 0x0000000085900000, 0x0000000085900000| Untracked 
|  40|0x0000000085a00000, 0x0000000085a00000, 0x0000000085b00000|  0%| F|  |TAMS 0x0000000085a00000, 0x0000000085a00000| Untracked 
|  41|0x0000000085b00000, 0x0000000085b00000, 0x0000000085c00000|  0%| F|  |TAMS 0x0000000085b00000, 0x0000000085b00000| Untracked 
|  42|0x0000000085c00000, 0x0000000085c00000, 0x0000000085d00000|  0%| F|  |TAMS 0x0000000085c00000, 0x0000000085c00000| Untracked 
|  43|0x0000000085d00000, 0x0000000085d00000, 0x0000000085e00000|  0%| F|  |TAMS 0x0000000085d00000, 0x0000000085d00000| Untracked 
|  44|0x0000000085e00000, 0x0000000085e00000, 0x0000000085f00000|  0%| F|  |TAMS 0x0000000085e00000, 0x0000000085e00000| Untracked 
|  45|0x0000000085f00000, 0x0000000085f00000, 0x0000000086000000|  0%| F|  |TAMS 0x0000000085f00000, 0x0000000085f00000| Untracked 
|  46|0x0000000086000000, 0x0000000086000000, 0x0000000086100000|  0%| F|  |TAMS 0x0000000086000000, 0x0000000086000000| Untracked 
|  47|0x0000000086100000, 0x0000000086100000, 0x0000000086200000|  0%| F|  |TAMS 0x0000000086100000, 0x0000000086100000| Untracked 
|  48|0x0000000086200000, 0x0000000086200000, 0x0000000086300000|  0%| F|  |TAMS 0x0000000086200000, 0x0000000086200000| Untracked 
|  49|0x0000000086300000, 0x0000000086300000, 0x0000000086400000|  0%| F|  |TAMS 0x0000000086300000, 0x0000000086300000| Untracked 
|  50|0x0000000086400000, 0x0000000086400000, 0x0000000086500000|  0%| F|  |TAMS 0x0000000086400000, 0x0000000086400000| Untracked 
|  51|0x0000000086500000, 0x0000000086500000, 0x0000000086600000|  0%| F|  |TAMS 0x0000000086500000, 0x0000000086500000| Untracked 
|  52|0x0000000086600000, 0x0000000086600000, 0x0000000086700000|  0%| F|  |TAMS 0x0000000086600000, 0x0000000086600000| Untracked 
|  53|0x0000000086700000, 0x0000000086700000, 0x0000000086800000|  0%| F|  |TAMS 0x0000000086700000, 0x0000000086700000| Untracked 
|  54|0x0000000086800000, 0x0000000086800000, 0x0000000086900000|  0%| F|  |TAMS 0x0000000086800000, 0x0000000086800000| Untracked 
|  55|0x0000000086900000, 0x0000000086900000, 0x0000000086a00000|  0%| F|  |TAMS 0x0000000086900000, 0x0000000086900000| Untracked 
|  56|0x0000000086a00000, 0x0000000086a00000, 0x0000000086b00000|  0%| F|  |TAMS 0x0000000086a00000, 0x0000000086a00000| Untracked 
|  57|0x0000000086b00000, 0x0000000086b00000, 0x0000000086c00000|  0%| F|  |TAMS 0x0000000086b00000, 0x0000000086b00000| Untracked 
|  58|0x0000000086c00000, 0x0000000086c00000, 0x0000000086d00000|  0%| F|  |TAMS 0x0000000086c00000, 0x0000000086c00000| Untracked 
|  59|0x0000000086d00000, 0x0000000086d00000, 0x0000000086e00000|  0%| F|  |TAMS 0x0000000086d00000, 0x0000000086d00000| Untracked 
|  60|0x0000000086e00000, 0x0000000086e00000, 0x0000000086f00000|  0%| F|  |TAMS 0x0000000086e00000, 0x0000000086e00000| Untracked 
|  61|0x0000000086f00000, 0x0000000086f00000, 0x0000000087000000|  0%| F|  |TAMS 0x0000000086f00000, 0x0000000086f00000| Untracked 
|  62|0x0000000087000000, 0x0000000087000000, 0x0000000087100000|  0%| F|  |TAMS 0x0000000087000000, 0x0000000087000000| Untracked 
|  63|0x0000000087100000, 0x0000000087100000, 0x0000000087200000|  0%| F|  |TAMS 0x0000000087100000, 0x0000000087100000| Untracked 
|  64|0x0000000087200000, 0x0000000087200000, 0x0000000087300000|  0%| F|  |TAMS 0x0000000087200000, 0x0000000087200000| Untracked 
|  65|0x0000000087300000, 0x0000000087300000, 0x0000000087400000|  0%| F|  |TAMS 0x0000000087300000, 0x0000000087300000| Untracked 
|  66|0x0000000087400000, 0x0000000087400000, 0x0000000087500000|  0%| F|  |TAMS 0x0000000087400000, 0x0000000087400000| Untracked 
|  67|0x0000000087500000, 0x0000000087500000, 0x0000000087600000|  0%| F|  |TAMS 0x0000000087500000, 0x0000000087500000| Untracked 
|  68|0x0000000087600000, 0x0000000087600000, 0x0000000087700000|  0%| F|  |TAMS 0x0000000087600000, 0x0000000087600000| Untracked 
|  69|0x0000000087700000, 0x0000000087700000, 0x0000000087800000|  0%| F|  |TAMS 0x0000000087700000, 0x0000000087700000| Untracked 
|  70|0x0000000087800000, 0x0000000087800000, 0x0000000087900000|  0%| F|  |TAMS 0x0000000087800000, 0x0000000087800000| Untracked 
|  71|0x0000000087900000, 0x0000000087900000, 0x0000000087a00000|  0%| F|  |TAMS 0x0000000087900000, 0x0000000087900000| Untracked 
|  72|0x0000000087a00000, 0x0000000087a00000, 0x0000000087b00000|  0%| F|  |TAMS 0x0000000087a00000, 0x0000000087a00000| Untracked 
|  73|0x0000000087b00000, 0x0000000087b00000, 0x0000000087c00000|  0%| F|  |TAMS 0x0000000087b00000, 0x0000000087b00000| Untracked 
|  74|0x0000000087c00000, 0x0000000087c00000, 0x0000000087d00000|  0%| F|  |TAMS 0x0000000087c00000, 0x0000000087c00000| Untracked 
|  75|0x0000000087d00000, 0x0000000087d00000, 0x0000000087e00000|  0%| F|  |TAMS 0x0000000087d00000, 0x0000000087d00000| Untracked 
|  76|0x0000000087e00000, 0x0000000087e00000, 0x0000000087f00000|  0%| F|  |TAMS 0x0000000087e00000, 0x0000000087e00000| Untracked 
|  77|0x0000000087f00000, 0x0000000087f00000, 0x0000000088000000|  0%| F|  |TAMS 0x0000000087f00000, 0x0000000087f00000| Untracked 
|  78|0x0000000088000000, 0x0000000088000000, 0x0000000088100000|  0%| F|  |TAMS 0x0000000088000000, 0x0000000088000000| Untracked 
|  79|0x0000000088100000, 0x0000000088100000, 0x0000000088200000|  0%| F|  |TAMS 0x0000000088100000, 0x0000000088100000| Untracked 
|  80|0x0000000088200000, 0x0000000088200000, 0x0000000088300000|  0%| F|  |TAMS 0x0000000088200000, 0x0000000088200000| Untracked 
|  81|0x0000000088300000, 0x0000000088300000, 0x0000000088400000|  0%| F|  |TAMS 0x0000000088300000, 0x0000000088300000| Untracked 
|  82|0x0000000088400000, 0x0000000088400000, 0x0000000088500000|  0%| F|  |TAMS 0x0000000088400000, 0x0000000088400000| Untracked 
|  83|0x0000000088500000, 0x0000000088500000, 0x0000000088600000|  0%| F|  |TAMS 0x0000000088500000, 0x0000000088500000| Untracked 
|  84|0x0000000088600000, 0x0000000088600000, 0x0000000088700000|  0%| F|  |TAMS 0x0000000088600000, 0x0000000088600000| Untracked 
|  85|0x0000000088700000, 0x0000000088700000, 0x0000000088800000|  0%| F|  |TAMS 0x0000000088700000, 0x0000000088700000| Untracked 
|  86|0x0000000088800000, 0x000000008881f840, 0x0000000088900000| 12%| S|CS|TAMS 0x0000000088800000, 0x0000000088800000| Complete 
|  87|0x0000000088900000, 0x0000000088a00000, 0x0000000088a00000|100%| S|CS|TAMS 0x0000000088900000, 0x0000000088900000| Complete 
|  88|0x0000000088a00000, 0x0000000088b00000, 0x0000000088b00000|100%| S|CS|TAMS 0x0000000088a00000, 0x0000000088a00000| Complete 
|  89|0x0000000088b00000, 0x0000000088b00000, 0x0000000088c00000|  0%| F|  |TAMS 0x0000000088b00000, 0x0000000088b00000| Untracked 
|  90|0x0000000088c00000, 0x0000000088c00000, 0x0000000088d00000|  0%| F|  |TAMS 0x0000000088c00000, 0x0000000088c00000| Untracked 
|  91|0x0000000088d00000, 0x0000000088d00000, 0x0000000088e00000|  0%| F|  |TAMS 0x0000000088d00000, 0x0000000088d00000| Untracked 
|  92|0x0000000088e00000, 0x0000000088e00000, 0x0000000088f00000|  0%| F|  |TAMS 0x0000000088e00000, 0x0000000088e00000| Untracked 
|  93|0x0000000088f00000, 0x0000000088f00000, 0x0000000089000000|  0%| F|  |TAMS 0x0000000088f00000, 0x0000000088f00000| Untracked 
|  94|0x0000000089000000, 0x0000000089000000, 0x0000000089100000|  0%| F|  |TAMS 0x0000000089000000, 0x0000000089000000| Untracked 
|  95|0x0000000089100000, 0x0000000089100000, 0x0000000089200000|  0%| F|  |TAMS 0x0000000089100000, 0x0000000089100000| Untracked 
|  96|0x0000000089200000, 0x0000000089200000, 0x0000000089300000|  0%| F|  |TAMS 0x0000000089200000, 0x0000000089200000| Untracked 
|  97|0x0000000089300000, 0x0000000089300000, 0x0000000089400000|  0%| F|  |TAMS 0x0000000089300000, 0x0000000089300000| Untracked 
|  98|0x0000000089400000, 0x0000000089400000, 0x0000000089500000|  0%| F|  |TAMS 0x0000000089400000, 0x0000000089400000| Untracked 
|  99|0x0000000089500000, 0x0000000089500000, 0x0000000089600000|  0%| F|  |TAMS 0x0000000089500000, 0x0000000089500000| Untracked 
| 100|0x0000000089600000, 0x0000000089600000, 0x0000000089700000|  0%| F|  |TAMS 0x0000000089600000, 0x0000000089600000| Untracked 
| 101|0x0000000089700000, 0x0000000089700000, 0x0000000089800000|  0%| F|  |TAMS 0x0000000089700000, 0x0000000089700000| Untracked 
| 102|0x0000000089800000, 0x0000000089800000, 0x0000000089900000|  0%| F|  |TAMS 0x0000000089800000, 0x0000000089800000| Untracked 
| 103|0x0000000089900000, 0x0000000089900000, 0x0000000089a00000|  0%| F|  |TAMS 0x0000000089900000, 0x0000000089900000| Untracked 
| 104|0x0000000089a00000, 0x0000000089a00000, 0x0000000089b00000|  0%| F|  |TAMS 0x0000000089a00000, 0x0000000089a00000| Untracked 
| 105|0x0000000089b00000, 0x0000000089b00000, 0x0000000089c00000|  0%| F|  |TAMS 0x0000000089b00000, 0x0000000089b00000| Untracked 
| 106|0x0000000089c00000, 0x0000000089c00000, 0x0000000089d00000|  0%| F|  |TAMS 0x0000000089c00000, 0x0000000089c00000| Untracked 
| 107|0x0000000089d00000, 0x0000000089d00000, 0x0000000089e00000|  0%| F|  |TAMS 0x0000000089d00000, 0x0000000089d00000| Untracked 
| 108|0x0000000089e00000, 0x0000000089e00000, 0x0000000089f00000|  0%| F|  |TAMS 0x0000000089e00000, 0x0000000089e00000| Untracked 
| 109|0x0000000089f00000, 0x0000000089f00000, 0x000000008a000000|  0%| F|  |TAMS 0x0000000089f00000, 0x0000000089f00000| Untracked 
| 110|0x000000008a000000, 0x000000008a000000, 0x000000008a100000|  0%| F|  |TAMS 0x000000008a000000, 0x000000008a000000| Untracked 
| 111|0x000000008a100000, 0x000000008a100000, 0x000000008a200000|  0%| F|  |TAMS 0x000000008a100000, 0x000000008a100000| Untracked 
| 112|0x000000008a200000, 0x000000008a200000, 0x000000008a300000|  0%| F|  |TAMS 0x000000008a200000, 0x000000008a200000| Untracked 
| 113|0x000000008a300000, 0x000000008a300000, 0x000000008a400000|  0%| F|  |TAMS 0x000000008a300000, 0x000000008a300000| Untracked 
| 114|0x000000008a400000, 0x000000008a400000, 0x000000008a500000|  0%| F|  |TAMS 0x000000008a400000, 0x000000008a400000| Untracked 
| 115|0x000000008a500000, 0x000000008a500000, 0x000000008a600000|  0%| F|  |TAMS 0x000000008a500000, 0x000000008a500000| Untracked 
| 116|0x000000008a600000, 0x000000008a600000, 0x000000008a700000|  0%| F|  |TAMS 0x000000008a600000, 0x000000008a600000| Untracked 
| 117|0x000000008a700000, 0x000000008a700000, 0x000000008a800000|  0%| F|  |TAMS 0x000000008a700000, 0x000000008a700000| Untracked 
| 118|0x000000008a800000, 0x000000008a8fb780, 0x000000008a900000| 98%| E|  |TAMS 0x000000008a800000, 0x000000008a800000| Complete 
| 119|0x000000008a900000, 0x000000008aa00000, 0x000000008aa00000|100%| E|CS|TAMS 0x000000008a900000, 0x000000008a900000| Complete 
| 120|0x000000008aa00000, 0x000000008ab00000, 0x000000008ab00000|100%| E|CS|TAMS 0x000000008aa00000, 0x000000008aa00000| Complete 
| 121|0x000000008ab00000, 0x000000008ac00000, 0x000000008ac00000|100%| E|CS|TAMS 0x000000008ab00000, 0x000000008ab00000| Complete 
| 122|0x000000008ac00000, 0x000000008ad00000, 0x000000008ad00000|100%| E|CS|TAMS 0x000000008ac00000, 0x000000008ac00000| Complete 
| 123|0x000000008ad00000, 0x000000008ae00000, 0x000000008ae00000|100%| E|CS|TAMS 0x000000008ad00000, 0x000000008ad00000| Complete 
| 124|0x000000008ae00000, 0x000000008af00000, 0x000000008af00000|100%| E|CS|TAMS 0x000000008ae00000, 0x000000008ae00000| Complete 
| 125|0x000000008af00000, 0x000000008b000000, 0x000000008b000000|100%| E|CS|TAMS 0x000000008af00000, 0x000000008af00000| Complete 

Card table byte_map: [0x00000168dbaf0000,0x00000168dbee0000] _byte_map_base: 0x00000168db6d7000

Marking Bits (Prev, Next): (CMBitMap*) 0x00000168c6f48220, (CMBitMap*) 0x00000168c6f48260
 Prev Bits: [0x00000168dc2d0000, 0x00000168de208000)
 Next Bits: [0x00000168de210000, 0x00000168e0148000)

Polling page: 0x00000168c6ff0000

Metaspace:

Usage:
  Non-class:     13.59 MB used.
      Class:      1.45 MB used.
       Both:     15.04 MB used.

Virtual space:
  Non-class space:       16.00 MB reserved,      13.69 MB ( 86%) committed,  2 nodes.
      Class space:        1.00 GB reserved,       1.50 MB ( <1%) committed,  1 nodes.
              Both:        1.02 GB reserved,      15.19 MB (  1%) committed. 

Chunk freelists:
   Non-Class:  2.23 MB
       Class:  2.51 MB
        Both:  4.74 MB

MaxMetaspaceSize: 17179869184.00 GB
CompressedClassSpaceSize: 1.00 GB
 - commit_granule_bytes: 65536.
 - commit_granule_words: 8192.
 - virtual_space_node_default_size: 1048576.
 - enlarge_chunks_in_place: 1.
 - new_chunks_are_fully_committed: 0.
 - uncommit_free_chunks: 1.
 - use_allocation_guard: 0.
 - handle_deallocations: 1.


Internal statistics:

num_allocs_failed_limit: 0.
num_arena_births: 124.
num_arena_deaths: 0.
num_vsnodes_births: 3.
num_vsnodes_deaths: 0.
num_space_committed: 243.
num_space_uncommitted: 0.
num_chunks_returned_to_freelist: 0.
num_chunks_taken_from_freelist: 200.
num_chunk_merges: 0.
num_chunk_splits: 117.
num_chunks_enlarged: 67.
num_purges: 0.

CodeHeap 'non-profiled nmethods': size=120000Kb used=297Kb max_used=297Kb free=119702Kb
 bounds [0x00000168d3730000, 0x00000168d39a0000, 0x00000168dac60000]
CodeHeap 'profiled nmethods': size=120000Kb used=1428Kb max_used=1428Kb free=118571Kb
 bounds [0x00000168cc200000, 0x00000168cc470000, 0x00000168d3730000]
CodeHeap 'non-nmethods': size=5760Kb used=1453Kb max_used=1468Kb free=4306Kb
 bounds [0x00000168cbc60000, 0x00000168cbed0000, 0x00000168cc200000]
 total_blobs=1796 nmethods=974 adapters=735
 compilation: enabled
              stopped_count=0, restarted_count=0
 full_count=0

Compilation events (20 events):
Event: 3.301 Thread 0x00000168e3822020 nmethod 963 0x00000168cc35f110 code [0x00000168cc35f2c0, 0x00000168cc35f498]
Event: 3.309 Thread 0x00000168e3822020  964       3       java.awt.GraphicsEnvironment::isHeadless (4 bytes)
Event: 3.309 Thread 0x00000168e3822020 nmethod 964 0x00000168cc35f590 code [0x00000168cc35f7a0, 0x00000168cc35fe38]
Event: 3.345 Thread 0x00000168e3822020  965       1       java.awt.Window::isRecursivelyVisible (5 bytes)
Event: 3.345 Thread 0x00000168e3822020 nmethod 965 0x00000168d3779e90 code [0x00000168d377a020, 0x00000168d377a0f8]
Event: 3.351 Thread 0x00000168e3822020  966       3       java.util.HashSet::add (20 bytes)
Event: 3.352 Thread 0x00000168e3822020 nmethod 966 0x00000168cc360090 code [0x00000168cc360240, 0x00000168cc360468]
Event: 3.352 Thread 0x00000168e3822020  967       3       java.awt.KeyboardFocusManager::checkKFMSecurity (11 bytes)
Event: 3.353 Thread 0x00000168e3822020 nmethod 967 0x00000168cc360510 code [0x00000168cc360720, 0x00000168cc360cb8]
Event: 3.380 Thread 0x00000168e3822020  968       3       java.awt.EventQueue::getNextEventPrivate (76 bytes)
Event: 3.381 Thread 0x00000168e3822020 nmethod 968 0x00000168cc360e90 code [0x00000168cc361060, 0x00000168cc3613c8]
Event: 3.425 Thread 0x00000168e3822020  969       3       java.lang.Math::max (12 bytes)
Event: 3.425 Thread 0x00000168e3822020 nmethod 969 0x00000168cc361510 code [0x00000168cc3616a0, 0x00000168cc3617d8]
Event: 4.094 Thread 0x00000168e3822020  971   !   3       java.awt.EventQueue::setCurrentEventAndMostRecentTimeImpl (191 bytes)
Event: 4.095 Thread 0x00000168e3822020 nmethod 971 0x00000168cc361890 code [0x00000168cc361b60, 0x00000168cc3631b8]
Event: 4.095 Thread 0x00000168e3822020  972       3       java.awt.AWTEvent::<init> (81 bytes)
Event: 4.095 Thread 0x00000168e3822020 nmethod 972 0x00000168cc363690 code [0x00000168cc363860, 0x00000168cc363cf8]
Event: 845.064 Thread 0x00000168e3822020  973       3       java.lang.ref.ReferenceQueue::reallyPoll (65 bytes)
Event: 845.065 Thread 0x00000168e3822020 nmethod 973 0x00000168cc363e90 code [0x00000168cc364060, 0x00000168cc364578]
Event: 845.066 Thread 0x00000168e38065c0  974       4       jdk.internal.org.objectweb.asm.SymbolTable::addConstantUtf8 (98 bytes)

GC Heap History (4 events):
Event: 0.518 GC heap before
{Heap before GC invocations=0 (full 0):
 garbage-first heap   total 129024K, used 29696K [0x0000000083200000, 0x0000000100000000)
  region size 1024K, 23 young (23552K), 0 survivors (0K)
 Metaspace       used 15320K, committed 15488K, reserved 1064960K
  class space    used 1482K, committed 1536K, reserved 1048576K
}
Event: 0.521 GC heap after
{Heap after GC invocations=1 (full 0):
 garbage-first heap   total 129024K, used 8207K [0x0000000083200000, 0x0000000100000000)
  region size 1024K, 3 young (3072K), 3 survivors (3072K)
 Metaspace       used 15320K, committed 15488K, reserved 1064960K
  class space    used 1482K, committed 1536K, reserved 1048576K
}
Event: 0.615 GC heap before
{Heap before GC invocations=1 (full 0):
 garbage-first heap   total 129024K, used 43023K [0x0000000083200000, 0x0000000100000000)
  region size 1024K, 37 young (37888K), 3 survivors (3072K)
 Metaspace       used 15323K, committed 15488K, reserved 1064960K
  class space    used 1482K, committed 1536K, reserved 1048576K
}
Event: 0.617 GC heap after
{Heap after GC invocations=2 (full 0):
 garbage-first heap   total 129024K, used 8318K [0x0000000083200000, 0x0000000100000000)
  region size 1024K, 3 young (3072K), 3 survivors (3072K)
 Metaspace       used 15323K, committed 15488K, reserved 1064960K
  class space    used 1482K, committed 1536K, reserved 1048576K
}

Deoptimization events (20 events):
Event: 0.253 Thread 0x00000168c6f08920 DEOPT PACKING pc=0x00000168d37525c8 sp=0x0000005b346fdd30
Event: 0.253 Thread 0x00000168c6f08920 DEOPT UNPACKING pc=0x00000168cbcaf92e sp=0x0000005b346fdcb0 mode 2
Event: 0.253 Thread 0x00000168c6f08920 Uncommon trap: trap_request=0xffffffde fr.pc=0x00000168d37525c8 relative=0x00000000000009a8
Event: 0.253 Thread 0x00000168c6f08920 Uncommon trap: reason=class_check action=maybe_recompile pc=0x00000168d37525c8 method=java.util.HashMap.putVal(ILjava/lang/Object;Ljava/lang/Object;ZZ)Ljava/lang/Object; @ 152 c2
Event: 0.253 Thread 0x00000168c6f08920 DEOPT PACKING pc=0x00000168d37525c8 sp=0x0000005b346fdd30
Event: 0.253 Thread 0x00000168c6f08920 DEOPT UNPACKING pc=0x00000168cbcaf92e sp=0x0000005b346fdcb0 mode 2
Event: 0.290 Thread 0x00000168c6f08920 Uncommon trap: trap_request=0xffffff45 fr.pc=0x00000168d3753d04 relative=0x0000000000000064
Event: 0.290 Thread 0x00000168c6f08920 Uncommon trap: reason=unstable_if action=reinterpret pc=0x00000168d3753d04 method=java.nio.Buffer.hasRemaining()Z @ 8 c2
Event: 0.290 Thread 0x00000168c6f08920 DEOPT PACKING pc=0x00000168d3753d04 sp=0x0000005b346fea30
Event: 0.290 Thread 0x00000168c6f08920 DEOPT UNPACKING pc=0x00000168cbcaf92e sp=0x0000005b346fe9c8 mode 2
Event: 0.395 Thread 0x00000168c6f08920 DEOPT PACKING pc=0x00000168cc2145e7 sp=0x0000005b346fd010
Event: 0.395 Thread 0x00000168c6f08920 DEOPT UNPACKING pc=0x00000168cbcae77e sp=0x0000005b346fc430 mode 0
Event: 0.429 Thread 0x00000168c6f08920 DEOPT PACKING pc=0x00000168cc2bbeb5 sp=0x0000005b346fed00
Event: 0.429 Thread 0x00000168c6f08920 DEOPT UNPACKING pc=0x00000168cbcae77e sp=0x0000005b346fe198 mode 0
Event: 0.485 Thread 0x00000168c6f08920 DEOPT PACKING pc=0x00000168cc335388 sp=0x0000005b346ff070
Event: 0.485 Thread 0x00000168c6f08920 DEOPT UNPACKING pc=0x00000168cbcae77e sp=0x0000005b346fe568 mode 0
Event: 0.530 Thread 0x00000168c6f08920 DEOPT PACKING pc=0x00000168cc339a16 sp=0x0000005b346ff0f0
Event: 0.530 Thread 0x00000168c6f08920 DEOPT UNPACKING pc=0x00000168cbcae77e sp=0x0000005b346fe5e8 mode 0
Event: 0.547 Thread 0x00000168c6f08920 DEOPT PACKING pc=0x00000168cc339a16 sp=0x0000005b346ff0f0
Event: 0.547 Thread 0x00000168c6f08920 DEOPT UNPACKING pc=0x00000168cbcae77e sp=0x0000005b346fe5e8 mode 0

Classes unloaded (0 events):
No events

Classes redefined (0 events):
No events

Internal exceptions (20 events):
Event: 0.214 Thread 0x00000168c6f08920 Exception <a 'sun/nio/fs/WindowsException'{0x000000008ac4eb78}> (0x000000008ac4eb78) 
thrown [t:\workspace\open\src\hotspot\share\prims\jni.cpp, line 579]
Event: 0.219 Thread 0x00000168c6f08920 Exception <a 'java/lang/ClassNotFoundException'{0x000000008ac55648}: sun/awt/resources/spi/awtProvider> (0x000000008ac55648) 
thrown [t:\workspace\open\src\hotspot\share\classfile\systemDictionary.cpp, line 256]
Event: 0.232 Thread 0x00000168c6f08920 Exception <a 'java/io/FileNotFoundException'{0x000000008acaa360}> (0x000000008acaa360) 
thrown [t:\workspace\open\src\hotspot\share\prims\jni.cpp, line 579]
Event: 0.236 Thread 0x00000168c6f08920 Exception <a 'java/io/FileNotFoundException'{0x000000008acd8bf8}> (0x000000008acd8bf8) 
thrown [t:\workspace\open\src\hotspot\share\prims\jni.cpp, line 579]
Event: 0.236 Thread 0x00000168c6f08920 Exception <a 'java/lang/NoSuchMethodError'{0x000000008acd9e10}: 'java.lang.Object java.lang.invoke.DirectMethodHandle$Holder.invokeStatic(java.lang.Object)'> (0x000000008acd9e10) 
thrown [t:\workspace\open\src\hotspot\share\interpreter\linkResolver.cpp, line 790]
Event: 0.243 Thread 0x00000168c6f08920 Exception <a 'sun/nio/fs/WindowsException'{0x000000008ab04b78}> (0x000000008ab04b78) 
thrown [t:\workspace\open\src\hotspot\share\prims\jni.cpp, line 579]
Event: 0.244 Thread 0x00000168c6f08920 Exception <a 'sun/nio/fs/WindowsException'{0x000000008ab075f8}> (0x000000008ab075f8) 
thrown [t:\workspace\open\src\hotspot\share\prims\jni.cpp, line 579]
Event: 0.244 Thread 0x00000168c6f08920 Exception <a 'sun/nio/fs/WindowsException'{0x000000008ab0a450}> (0x000000008ab0a450) 
thrown [t:\workspace\open\src\hotspot\share\prims\jni.cpp, line 579]
Event: 0.244 Thread 0x00000168c6f08920 Exception <a 'sun/nio/fs/WindowsException'{0x000000008ab0cf88}> (0x000000008ab0cf88) 
thrown [t:\workspace\open\src\hotspot\share\prims\jni.cpp, line 579]
Event: 0.245 Thread 0x00000168c6f08920 Exception <a 'sun/nio/fs/WindowsException'{0x000000008ab10138}> (0x000000008ab10138) 
thrown [t:\workspace\open\src\hotspot\share\prims\jni.cpp, line 579]
Event: 0.255 Thread 0x00000168c6f08920 Exception <a 'java/lang/NoSuchMethodError'{0x000000008ab57ca0}: 'java.lang.Object java.lang.invoke.DirectMethodHandle$Holder.invokeStaticInit(java.lang.Object, int, int, int, int)'> (0x000000008ab57ca0) 
thrown [t:\workspace\open\src\hotspot\share\interpreter\linkResolver.cpp, line 790]
Event: 0.278 Thread 0x00000168c6f08920 Exception <a 'java/lang/NoSuchMethodError'{0x000000008abafff0}: 'java.lang.Object java.lang.invoke.DirectMethodHandle$Holder.invokeStaticInit(java.lang.Object, java.lang.Object, int, int, int, int)'> (0x000000008abafff0) 
thrown [t:\workspace\open\src\hotspot\share\interpreter\linkResolver.cpp, line 790]
Event: 0.281 Thread 0x00000168c6f08920 Exception <a 'java/lang/NoSuchMethodError'{0x000000008abbbbc8}: 'java.lang.Object java.lang.invoke.DirectMethodHandle$Holder.invokeStaticInit(java.lang.Object)'> (0x000000008abbbbc8) 
thrown [t:\workspace\open\src\hotspot\share\interpreter\linkResolver.cpp, line 790]
Event: 0.349 Thread 0x00000168c6f08920 Exception <a 'java/lang/NoSuchMethodError'{0x000000008aacb1a8}: 'java.lang.Object java.lang.invoke.DirectMethodHandle$Holder.newInvokeSpecial(java.lang.Object, java.lang.Object, java.lang.Object, java.lang.Object, java.lang.Object)'> (0x000000008aacb1a8) 
thrown [t:\workspace\open\src\hotspot\share\interpreter\linkResolver.cpp, line 790]
Event: 0.350 Thread 0x00000168c6f08920 Exception <a 'java/lang/NoSuchMethodError'{0x000000008aad6c90}: 'java.lang.Object java.lang.invoke.DirectMethodHandle$Holder.invokeStatic(java.lang.Object, int, java.lang.Object, java.lang.Object, java.lang.Object, java.lang.Object)'> (0x000000008aad6c90) 
thrown [t:\workspace\open\src\hotspot\share\interpreter\linkResolver.cpp, line 790]
Event: 0.353 Thread 0x00000168c6f08920 Exception <a 'java/lang/NoSuchMethodError'{0x000000008aafd170}: 'java.lang.Object java.lang.invoke.DirectMethodHandle$Holder.invokeStatic(java.lang.Object, int, java.lang.Object)'> (0x000000008aafd170) 
thrown [t:\workspace\open\src\hotspot\share\interpreter\linkResolver.cpp, line 790]
Event: 0.366 Thread 0x00000168c6f08920 Exception <a 'java/lang/ClassNotFoundException'{0x000000008a82af38}: com/sun/swing/internal/plaf/metal/resources/spi/metalProvider> (0x000000008a82af38) 
thrown [t:\workspace\open\src\hotspot\share\classfile\systemDictionary.cpp, line 256]
Event: 0.366 Thread 0x00000168c6f08920 Exception <a 'java/lang/ClassNotFoundException'{0x000000008a82ef70}: com/sun/swing/internal/plaf/basic/resources/spi/basicProvider> (0x000000008a82ef70) 
thrown [t:\workspace\open\src\hotspot\share\classfile\systemDictionary.cpp, line 256]
Event: 0.388 Thread 0x00000168c6f08920 Exception <a 'java/lang/NoSuchMethodError'{0x000000008a86b7f8}: 'void java.lang.invoke.DirectMethodHandle$Holder.invokeStaticInit(java.lang.Object)'> (0x000000008a86b7f8) 
thrown [t:\workspace\open\src\hotspot\share\interpreter\linkResolver.cpp, line 790]
Event: 0.408 Thread 0x00000168c6f08920 Exception <a 'sun/nio/fs/WindowsException'{0x000000008a741228}> (0x000000008a741228) 
thrown [t:\workspace\open\src\hotspot\share\prims\jni.cpp, line 579]

Events (20 events):
Event: 0.499 loading class jdk/internal/math/FDBigInteger
Event: 0.500 loading class jdk/internal/math/FDBigInteger done
Event: 0.513 loading class java/util/concurrent/locks/AbstractQueuedSynchronizer$ExclusiveNode
Event: 0.513 loading class java/util/concurrent/locks/AbstractQueuedSynchronizer$ExclusiveNode done
Event: 0.518 Executing  VM operation: G1CollectForAllocation
Event: 0.521 Executing  VM operation: G1CollectForAllocation done
Event: 0.614 Executing  VM operation: G1CollectForAllocation
Event: 0.617 Executing  VM operation: G1CollectForAllocation done
Event: 0.659 Thread 0x00000168c6f08920 Thread exited: 0x00000168c6f08920
Event: 0.659 Thread 0x00000168c6f08920 Thread added: 0x00000168c6f08920
Event: 1.623 Executing  VM operation: Cleanup
Event: 1.623 Executing  VM operation: Cleanup done
Event: 1.655 loading class java/awt/KeyboardFocusManager$2
Event: 1.655 loading class java/awt/KeyboardFocusManager$2 done
Event: 1.655 loading class sun/awt/SunToolkit$1
Event: 1.656 loading class sun/awt/SunToolkit$1 done
Event: 2.627 Executing  VM operation: Cleanup
Event: 2.628 Executing  VM operation: Cleanup done
Event: 3.632 Executing  VM operation: Cleanup
Event: 3.632 Executing  VM operation: Cleanup done


Dynamic libraries:
0x00007ff69bee0000 - 0x00007ff69beee000 	C:\Users\user\.p2\pool\plugins\org.eclipse.justj.openjdk.hotspot.jre.full.win32.x86_64_16.0.2.v20210721-1149\jre\bin\javaw.exe
0x00007fffb6b30000 - 0x00007fffb6d25000 	C:\Windows\SYSTEM32\ntdll.dll
0x00007fffb50f0000 - 0x00007fffb51ae000 	C:\Windows\System32\KERNEL32.DLL
0x00007fffb4250000 - 0x00007fffb4518000 	C:\Windows\System32\KERNELBASE.dll
0x00007fffb4a40000 - 0x00007fffb4b40000 	C:\Windows\System32\ucrtbase.dll
0x00007fff97280000 - 0x00007fff97298000 	C:\Users\user\.p2\pool\plugins\org.eclipse.justj.openjdk.hotspot.jre.full.win32.x86_64_16.0.2.v20210721-1149\jre\bin\jli.dll
0x00007fffb5920000 - 0x00007fffb5ac0000 	C:\Windows\System32\USER32.dll
0x00007fffb4520000 - 0x00007fffb4542000 	C:\Windows\System32\win32u.dll
0x00007fffb53c0000 - 0x00007fffb53ea000 	C:\Windows\System32\GDI32.dll
0x00007fffb4710000 - 0x00007fffb481b000 	C:\Windows\System32\gdi32full.dll
0x00007fffb45c0000 - 0x00007fffb465d000 	C:\Windows\System32\msvcp_win.dll
0x00007fff97b10000 - 0x00007fff97b29000 	C:\Users\user\.p2\pool\plugins\org.eclipse.justj.openjdk.hotspot.jre.full.win32.x86_64_16.0.2.v20210721-1149\jre\bin\VCRUNTIME140.dll
0x00007fffa4a80000 - 0x00007fffa4d1a000 	C:\Windows\WinSxS\amd64_microsoft.windows.common-controls_6595b64144ccf1df_6.0.19041.1110_none_60b5254171f9507e\COMCTL32.dll
0x00007fffb4d70000 - 0x00007fffb4e0e000 	C:\Windows\System32\msvcrt.dll
0x00007fffb4d40000 - 0x00007fffb4d70000 	C:\Windows\System32\IMM32.DLL
0x00007fffa4e40000 - 0x00007fffa4e4c000 	C:\Users\user\.p2\pool\plugins\org.eclipse.justj.openjdk.hotspot.jre.full.win32.x86_64_16.0.2.v20210721-1149\jre\bin\vcruntime140_1.dll
0x00007fff80490000 - 0x00007fff80521000 	C:\Users\user\.p2\pool\plugins\org.eclipse.justj.openjdk.hotspot.jre.full.win32.x86_64_16.0.2.v20210721-1149\jre\bin\msvcp140.dll
0x00007fff3d1d0000 - 0x00007fff3dd7b000 	C:\Users\user\.p2\pool\plugins\org.eclipse.justj.openjdk.hotspot.jre.full.win32.x86_64_16.0.2.v20210721-1149\jre\bin\server\jvm.dll
0x00007fffb5b20000 - 0x00007fffb5bce000 	C:\Windows\System32\ADVAPI32.dll
0x00007fffb4e70000 - 0x00007fffb4f0c000 	C:\Windows\System32\sechost.dll
0x00007fffb57e0000 - 0x00007fffb5905000 	C:\Windows\System32\RPCRT4.dll
0x00007fffb6ae0000 - 0x00007fffb6ae8000 	C:\Windows\System32\PSAPI.DLL
0x00007fffb0820000 - 0x00007fffb0829000 	C:\Windows\SYSTEM32\WSOCK32.dll
0x00007fff9b4b0000 - 0x00007fff9b4d7000 	C:\Windows\SYSTEM32\WINMM.dll
0x00007fffb6960000 - 0x00007fffb69cb000 	C:\Windows\System32\WS2_32.dll
0x00007fffad670000 - 0x00007fffad67a000 	C:\Windows\SYSTEM32\VERSION.dll
0x00007fffb2b00000 - 0x00007fffb2b12000 	C:\Windows\SYSTEM32\kernel.appcore.dll
0x00007fffaed30000 - 0x00007fffaed3a000 	C:\Users\user\.p2\pool\plugins\org.eclipse.justj.openjdk.hotspot.jre.full.win32.x86_64_16.0.2.v20210721-1149\jre\bin\jimage.dll
0x00007fffb2060000 - 0x00007fffb2244000 	C:\Windows\SYSTEM32\DBGHELP.DLL
0x00007fff99800000 - 0x00007fff9982c000 	C:\Windows\SYSTEM32\dbgcore.DLL
0x00007fffb4820000 - 0x00007fffb48a2000 	C:\Windows\System32\bcryptPrimitives.dll
0x00007fffae690000 - 0x00007fffae6b5000 	C:\Users\user\.p2\pool\plugins\org.eclipse.justj.openjdk.hotspot.jre.full.win32.x86_64_16.0.2.v20210721-1149\jre\bin\java.dll
0x00007fffae8b0000 - 0x00007fffae8c8000 	C:\Users\user\.p2\pool\plugins\org.eclipse.justj.openjdk.hotspot.jre.full.win32.x86_64_16.0.2.v20210721-1149\jre\bin\zip.dll
0x00007fffb61f0000 - 0x00007fffb6934000 	C:\Windows\System32\SHELL32.dll
0x00007fffb2250000 - 0x00007fffb29e4000 	C:\Windows\SYSTEM32\windows.storage.dll
0x00007fffb53f0000 - 0x00007fffb5744000 	C:\Windows\System32\combase.dll
0x00007fffb3c40000 - 0x00007fffb3c6c000 	C:\Windows\SYSTEM32\Wldp.dll
0x00007fffb5040000 - 0x00007fffb50ed000 	C:\Windows\System32\SHCORE.dll
0x00007fffb5ac0000 - 0x00007fffb5b15000 	C:\Windows\System32\shlwapi.dll
0x00007fffb4190000 - 0x00007fffb41af000 	C:\Windows\SYSTEM32\profapi.dll
0x00007fffae820000 - 0x00007fffae839000 	C:\Users\user\.p2\pool\plugins\org.eclipse.justj.openjdk.hotspot.jre.full.win32.x86_64_16.0.2.v20210721-1149\jre\bin\net.dll
0x00007fffaf480000 - 0x00007fffaf58a000 	C:\Windows\SYSTEM32\WINHTTP.dll
0x00007fffb3950000 - 0x00007fffb39ba000 	C:\Windows\system32\mswsock.dll
0x00007fffae770000 - 0x00007fffae783000 	C:\Users\user\.p2\pool\plugins\org.eclipse.justj.openjdk.hotspot.jre.full.win32.x86_64_16.0.2.v20210721-1149\jre\bin\nio.dll
0x00007fff318e0000 - 0x00007fff34ae1000 	C:\Program Files (x86)\opencv\build\java\x64\opencv_java455.dll
0x00007fffb4f10000 - 0x00007fffb503a000 	C:\Windows\System32\ole32.dll
0x00007fffb5c30000 - 0x00007fffb5cfd000 	C:\Windows\System32\OLEAUT32.dll
0x00007fffadd70000 - 0x00007fffadf2c000 	C:\Windows\SYSTEM32\MFPlat.DLL
0x00007fffa0e50000 - 0x00007fffa0ed4000 	C:\Windows\SYSTEM32\MF.dll
0x00007fffb4b40000 - 0x00007fffb4b8e000 	C:\Windows\System32\cfgmgr32.dll
0x00007fff4e0e0000 - 0x00007fff4e1ea000 	C:\Windows\SYSTEM32\MFReadWrite.dll
0x00007fff8b1f0000 - 0x00007fff8b67f000 	C:\Windows\SYSTEM32\MFCORE.DLL
0x00007fffb48e0000 - 0x00007fffb4a36000 	C:\Windows\System32\CRYPT32.dll
0x00007fffb48b0000 - 0x00007fffb48d7000 	C:\Windows\System32\bcrypt.dll
0x00007fffb3fb0000 - 0x00007fffb3ffb000 	C:\Windows\SYSTEM32\powrprof.dll
0x00007fffae250000 - 0x00007fffae259000 	C:\Windows\SYSTEM32\ksuser.dll
0x00007fffb3de0000 - 0x00007fffb3dec000 	C:\Windows\SYSTEM32\CRYPTBASE.DLL
0x00007fffadcc0000 - 0x00007fffadcf5000 	C:\Windows\SYSTEM32\RTWorkQ.DLL
0x00007fffb3f90000 - 0x00007fffb3fa2000 	C:\Windows\SYSTEM32\UMPDC.dll
0x00007fff80310000 - 0x00007fff8048f000 	C:\Users\user\.p2\pool\plugins\org.eclipse.justj.openjdk.hotspot.jre.full.win32.x86_64_16.0.2.v20210721-1149\jre\bin\awt.dll
0x00007fffb1430000 - 0x00007fffb14c0000 	C:\Windows\SYSTEM32\apphelp.dll
0x00007fffb3b40000 - 0x00007fffb3b58000 	C:\Windows\SYSTEM32\CRYPTSP.dll
0x00007fffb32d0000 - 0x00007fffb3304000 	C:\Windows\system32\rsaenh.dll
0x00007fffb4150000 - 0x00007fffb417e000 	C:\Windows\SYSTEM32\USERENV.dll
0x00007fffb3640000 - 0x00007fffb367b000 	C:\Windows\SYSTEM32\IPHLPAPI.DLL
0x00007fffb5910000 - 0x00007fffb5918000 	C:\Windows\System32\NSI.dll
0x00007fffa9830000 - 0x00007fffa9847000 	C:\Windows\SYSTEM32\dhcpcsvc6.DLL
0x00007fffad280000 - 0x00007fffad29d000 	C:\Windows\SYSTEM32\dhcpcsvc.DLL
0x00007fffb3680000 - 0x00007fffb374b000 	C:\Windows\SYSTEM32\DNSAPI.dll
0x00007fffb1ab0000 - 0x00007fffb1adf000 	C:\Windows\system32\DWMAPI.DLL
0x00007fffb18c0000 - 0x00007fffb195e000 	C:\Windows\system32\uxtheme.dll
0x00007fff8c2b0000 - 0x00007fff8c3d6000 	C:\Windows\system32\opengl32.dll
0x00007fffa1350000 - 0x00007fffa137c000 	C:\Windows\SYSTEM32\GLU32.dll
0x00007fffb5290000 - 0x00007fffb53a5000 	C:\Windows\System32\MSCTF.dll
0x00007fff815a0000 - 0x00007fff81629000 	C:\Users\user\.p2\pool\plugins\org.eclipse.justj.openjdk.hotspot.jre.full.win32.x86_64_16.0.2.v20210721-1149\jre\bin\freetype.dll
0x00007fff74d60000 - 0x00007fff74e56000 	C:\Users\user\.p2\pool\plugins\org.eclipse.justj.openjdk.hotspot.jre.full.win32.x86_64_16.0.2.v20210721-1149\jre\bin\harfbuzz.dll
0x00007fff97260000 - 0x00007fff97272000 	C:\Users\user\.p2\pool\plugins\org.eclipse.justj.openjdk.hotspot.jre.full.win32.x86_64_16.0.2.v20210721-1149\jre\bin\fontmanager.dll
0x00007fffa5f20000 - 0x00007fffa6019000 	C:\Windows\SYSTEM32\textinputframework.dll
0x00007fffb0dc0000 - 0x00007fffb111e000 	C:\Windows\System32\CoreUIComponents.dll
0x00007fffb1120000 - 0x00007fffb1212000 	C:\Windows\System32\CoreMessaging.dll
0x00007fffb2f60000 - 0x00007fffb2f93000 	C:\Windows\SYSTEM32\ntmarta.dll
0x00007fffaf970000 - 0x00007fffafac4000 	C:\Windows\SYSTEM32\wintypes.dll

dbghelp: loaded successfully - version: 4.0.5 - missing functions: none
symbol engine: initialized successfully - sym options: 0x614 - pdb path: .;C:\Users\user\.p2\pool\plugins\org.eclipse.justj.openjdk.hotspot.jre.full.win32.x86_64_16.0.2.v20210721-1149\jre\bin;C:\Windows\SYSTEM32;C:\Windows\WinSxS\amd64_microsoft.windows.common-controls_6595b64144ccf1df_6.0.19041.1110_none_60b5254171f9507e;C:\Users\user\.p2\pool\plugins\org.eclipse.justj.openjdk.hotspot.jre.full.win32.x86_64_16.0.2.v20210721-1149\jre\bin\server;C:\Program Files (x86)\opencv\build\java\x64

VM Arguments:
jvm_args: -Djava.library.path=C:\Program Files (x86)\opencv\build\java\x64 -Dfile.encoding=Cp1252 --module-path=C:\Users\user\Desktop\twizzy\bin;C:\Program Files (x86)\opencv\build\java\opencv-455.jar -XX:+ShowCodeDetailsInExceptionMessages -Djdk.module.main=TwizyProject 
java_command: TwizyProject/ImageProcessing.Main
java_class_path (initial): <not set>
Launcher Type: SUN_STANDARD

[Global flags]
     intx CICompilerCount                          = 4                                         {product} {ergonomic}
     uint ConcGCThreads                            = 2                                         {product} {ergonomic}
     uint G1ConcRefinementThreads                  = 8                                         {product} {ergonomic}
   size_t G1HeapRegionSize                         = 1048576                                   {product} {ergonomic}
    uintx GCDrainStackTargetSize                   = 64                                        {product} {ergonomic}
   size_t InitialHeapSize                          = 132120576                                 {product} {ergonomic}
   size_t MarkStackSize                            = 4194304                                   {product} {ergonomic}
   size_t MaxHeapSize                              = 2095054848                                {product} {ergonomic}
   size_t MaxNewSize                               = 1256194048                                {product} {ergonomic}
   size_t MinHeapDeltaBytes                        = 1048576                                   {product} {ergonomic}
   size_t MinHeapSize                              = 8388608                                   {product} {ergonomic}
    uintx NonNMethodCodeHeapSize                   = 5839372                                {pd product} {ergonomic}
    uintx NonProfiledCodeHeapSize                  = 122909434                              {pd product} {ergonomic}
    uintx ProfiledCodeHeapSize                     = 122909434                              {pd product} {ergonomic}
    uintx ReservedCodeCacheSize                    = 251658240                              {pd product} {ergonomic}
     bool SegmentedCodeCache                       = true                                      {product} {ergonomic}
     bool ShowCodeDetailsInExceptionMessages       = true                                   {manageable} {command line}
   size_t SoftMaxHeapSize                          = 2095054848                             {manageable} {ergonomic}
     bool UseCompressedClassPointers               = true                           {product lp64_product} {ergonomic}
     bool UseCompressedOops                        = true                           {product lp64_product} {ergonomic}
     bool UseG1GC                                  = true                                      {product} {ergonomic}
     bool UseLargePagesIndividualAllocation        = false                                  {pd product} {ergonomic}

Logging:
Log output configuration:
 #0: stdout all=warning uptime,level,tags
 #1: stderr all=off uptime,level,tags

Environment Variables:
PATH=C:/Users/user/.p2/pool/plugins/org.eclipse.justj.openjdk.hotspot.jre.full.win32.x86_64_16.0.2.v20210721-1149/jre/bin/server;C:/Users/user/.p2/pool/plugins/org.eclipse.justj.openjdk.hotspot.jre.full.win32.x86_64_16.0.2.v20210721-1149/jre/bin;C:\Program Files\Common Files\Oracle\Java\javapath;C:\Windows\system32;C:\Windows;C:\Windows\System32\Wbem;C:\Windows\System32\WindowsPowerShell\v1.0\;C:\Windows\System32\OpenSSH\;C:\Program Files\Git\cmd;C:\Program Files\Java\jdk-17.0.1\bin;C:\Program Files\apache-maven-3.8.3\bin;C:\Program Files\PuTTY\;C:\Users\user\AppData\Local\Microsoft\WindowsApps;C:\MinGW\bin;C:\MinGW\;;C:\Users\user\Desktop;
USERNAME=user
OS=Windows_NT
PROCESSOR_IDENTIFIER=Intel64 Family 6 Model 140 Stepping 1, GenuineIntel



---------------  S Y S T E M  ---------------

OS:
 Windows 10 , 64 bit Build 19041 (10.0.19041.1645)
OS uptime: 0 days 9:04 hours

CPU: total 8 (initial active 8) (4 cores per cpu, 2 threads per core) family 6 model 140 stepping 1 microcode 0x66, cx8, cmov, fxsr, ht, mmx, 3dnowpref, sse, sse2, sse3, ssse3, sse4.1, sse4.2, popcnt, lzcnt, tsc, tscinvbit, avx, avx2, aes, erms, clmul, bmi1, bmi2, adx, avx512f, avx512dq, avx512cd, avx512bw, avx512vl, sha, fma, vzeroupper, avx512_vpopcntdq, avx512_vpclmulqdq, avx512_vaes, avx512_vnni, clflush, clflushopt, clwb, avx512_vmbi2, avx512_vmbi

Memory: 4k page, system-wide physical 7991M (470M free)
TotalPageFile size 32567M (AvailPageFile size 1M)
current process WorkingSet (physical memory assigned to process): 118M, peak: 118M
current process commit charge ("private bytes"): 232M, peak: 235M

vm_info: OpenJDK 64-Bit Server VM (16.0.2+7-67) for windows-amd64 JRE (16.0.2+7-67), built on Jun  8 2021 23:21:43 by "mach5one" with MS VC++ 16.7 (VS2019)

END.
