#
# There is insufficient memory for the Java Runtime Environment to continue.
# Native memory allocation (malloc) failed to allocate 181056 bytes for Chunk::new
# Possible reasons:
#   The system is out of physical RAM or swap space
#   The process is running with CompressedOops enabled, and the Java Heap may be blocking the growth of the native heap
# Possible solutions:
#   Reduce memory load on the system
#   Increase physical memory or swap space
#   Check if swap backing store is full
#   Decrease Java heap size (-Xmx/-Xms)
#   Decrease number of Java threads
#   Decrease Java thread stack sizes (-Xss)
#   Set larger code cache with -XX:ReservedCodeCacheSize=
#   JVM is running with Unscaled Compressed Oops mode in which the Java heap is
#     placed in the first 4GB address space. The Java Heap base address is the
#     maximum limit for the native heap growth. Please use -XX:HeapBaseMinAddress
#     to set the Java Heap base and to place the Java Heap above 4GB virtual address.
# This output file may be truncated or incomplete.
#
#  Out of Memory Error (arena.cpp:195), pid=16684, tid=6996
#
# JRE version: OpenJDK Runtime Environment (16.0.2+7) (build 16.0.2+7-67)
# Java VM: OpenJDK 64-Bit Server VM (16.0.2+7-67, mixed mode, tiered, compressed oops, compressed class ptrs, g1 gc, windows-amd64)
# No core dump will be written. Minidumps are not enabled by default on client versions of Windows
#

---------------  S U M M A R Y ------------

Command Line: -Djava.library.path=C:\Program Files (x86)\opencv\build\java\x64 -Dfile.encoding=Cp1252 --module-path=C:\Users\user\Desktop\twizzy\bin;C:\Program Files (x86)\opencv\build\java\opencv-455.jar -XX:+ShowCodeDetailsInExceptionMessages -Djdk.module.main=TwizyProject TwizyProject/ImageProcessing.Main

Host: 11th Gen Intel(R) Core(TM) i5-1135G7 @ 2.40GHz, 8 cores, 7G,  Windows 10 , 64 bit Build 19041 (10.0.19041.1645)
Time: Fri Apr 22 03:05:15 2022 Paris, Madrid elapsed time: 631.739737 seconds (0d 0h 10m 31s)

---------------  T H R E A D  ---------------

Current thread (0x00000214b8805490):  JavaThread "C2 CompilerThread0" daemon [_thread_in_native, id=6996, stack(0x0000009397d00000,0x0000009397e00000)]


Current CompileTask:
C2: 631739 1004       4       jdk.internal.org.objectweb.asm.SymbolTable::addConstantUtf8 (98 bytes)

Stack: [0x0000009397d00000,0x0000009397e00000]
Native frames: (J=compiled Java code, j=interpreted, Vv=VM code, C=native code)
V  [jvm.dll+0x6681ca]
V  [jvm.dll+0x7c9e69]
V  [jvm.dll+0x7cb61e]
V  [jvm.dll+0x7cbc73]
V  [jvm.dll+0x242c55]
V  [jvm.dll+0xadeba]
V  [jvm.dll+0xae45c]
V  [jvm.dll+0x2a4cdf]
V  [jvm.dll+0x573c29]
V  [jvm.dll+0x21e48e]
V  [jvm.dll+0x217476]
V  [jvm.dll+0x214ffc]
V  [jvm.dll+0x1a1beb]
V  [jvm.dll+0x225158]
V  [jvm.dll+0x22319c]
V  [jvm.dll+0x77fa62]
V  [jvm.dll+0x7795aa]
V  [jvm.dll+0x667066]
C  [ucrtbase.dll+0x21bb2]
C  [KERNEL32.DLL+0x17034]
C  [ntdll.dll+0x52651]


---------------  P R O C E S S  ---------------

Threads class SMR info:
_java_thread_list=0x00000214b93d0650, length=16, elements={
0x00000214b7df9010, 0x00000214b7df9c10, 0x00000214b7de5270, 0x00000214b7e24000,
0x00000214b7e24610, 0x00000214b8804850, 0x00000214b8805490, 0x00000214b880eef0,
0x00000214b881b550, 0x00000214b7d58770, 0x00000214b8b02210, 0x00000214b9196300,
0x00000214b93f8860, 0x00000214b93f15f0, 0x00000214b927d370, 0x000002149e0abb10
}

Java Threads: ( => current thread )
  0x00000214b7df9010 JavaThread "Reference Handler" daemon [_thread_blocked, id=21572, stack(0x0000009397700000,0x0000009397800000)]
  0x00000214b7df9c10 JavaThread "Finalizer" daemon [_thread_blocked, id=11208, stack(0x0000009397800000,0x0000009397900000)]
  0x00000214b7de5270 JavaThread "Signal Dispatcher" daemon [_thread_blocked, id=12384, stack(0x0000009397900000,0x0000009397a00000)]
  0x00000214b7e24000 JavaThread "Attach Listener" daemon [_thread_blocked, id=16216, stack(0x0000009397a00000,0x0000009397b00000)]
  0x00000214b7e24610 JavaThread "Service Thread" daemon [_thread_blocked, id=25196, stack(0x0000009397b00000,0x0000009397c00000)]
  0x00000214b8804850 JavaThread "Monitor Deflation Thread" daemon [_thread_blocked, id=26112, stack(0x0000009397c00000,0x0000009397d00000)]
=>0x00000214b8805490 JavaThread "C2 CompilerThread0" daemon [_thread_in_native, id=6996, stack(0x0000009397d00000,0x0000009397e00000)]
  0x00000214b880eef0 JavaThread "C1 CompilerThread0" daemon [_thread_blocked, id=8344, stack(0x0000009397e00000,0x0000009397f00000)]
  0x00000214b881b550 JavaThread "Sweeper thread" daemon [_thread_blocked, id=10712, stack(0x0000009397f00000,0x0000009398000000)]
  0x00000214b7d58770 JavaThread "Common-Cleaner" daemon [_thread_blocked, id=12888, stack(0x0000009398000000,0x0000009398100000)]
  0x00000214b8b02210 JavaThread "Notification Thread" daemon [_thread_blocked, id=25412, stack(0x0000009398100000,0x0000009398200000)]
  0x00000214b9196300 JavaThread "Java2D Disposer" daemon [_thread_blocked, id=20700, stack(0x0000009398b00000,0x0000009398c00000)]
  0x00000214b93f8860 JavaThread "AWT-Shutdown" [_thread_blocked, id=9200, stack(0x0000009398c00000,0x0000009398d00000)]
  0x00000214b93f15f0 JavaThread "AWT-Windows" daemon [_thread_in_native, id=5984, stack(0x0000009398d00000,0x0000009398e00000)]
  0x00000214b927d370 JavaThread "AWT-EventQueue-0" [_thread_blocked, id=17092, stack(0x0000009398e00000,0x0000009398f00000)]
  0x000002149e0abb10 JavaThread "DestroyJavaVM" [_thread_blocked, id=1416, stack(0x0000009397000000,0x0000009397100000)]

Other Threads:
  0x00000214b7dd98d0 VMThread "VM Thread" [stack: 0x0000009397600000,0x0000009397700000] [id=24448]
  0x000002149e0acb10 WatcherThread [stack: 0x0000009398200000,0x0000009398300000] [id=17496]
  0x000002149e0e4d00 GCTaskThread "GC Thread#0" [stack: 0x0000009397100000,0x0000009397200000] [id=26280]
  0x00000214b9397270 GCTaskThread "GC Thread#1" [stack: 0x0000009398f00000,0x0000009399000000] [id=25332]
  0x00000214b9397580 GCTaskThread "GC Thread#2" [stack: 0x0000009399000000,0x0000009399100000] [id=23972]
  0x00000214b9397890 GCTaskThread "GC Thread#3" [stack: 0x0000009399100000,0x0000009399200000] [id=23276]
  0x00000214b9397ba0 GCTaskThread "GC Thread#4" [stack: 0x0000009399200000,0x0000009399300000] [id=17088]
  0x00000214b8d796d0 GCTaskThread "GC Thread#5" [stack: 0x0000009399300000,0x0000009399400000] [id=24912]
  0x00000214b8d7e880 GCTaskThread "GC Thread#6" [stack: 0x0000009399400000,0x0000009399500000] [id=22872]
  0x00000214b8d7eb90 GCTaskThread "GC Thread#7" [stack: 0x0000009399500000,0x0000009399600000] [id=22328]
  0x000002149e0f6810 ConcurrentGCThread "G1 Main Marker" [stack: 0x0000009397200000,0x0000009397300000] [id=24332]
  0x000002149e0f7300 ConcurrentGCThread "G1 Conc#0" [stack: 0x0000009397300000,0x0000009397400000] [id=11928]
  0x000002149e182980 ConcurrentGCThread "G1 Refine#0" [stack: 0x0000009397400000,0x0000009397500000] [id=8396]
  0x000002149e183480 ConcurrentGCThread "G1 Service" [stack: 0x0000009397500000,0x0000009397600000] [id=21568]

Threads with active compile tasks:
C2 CompilerThread0   631751 1004       4       jdk.internal.org.objectweb.asm.SymbolTable::addConstantUtf8 (98 bytes)

VM state: not at safepoint (normal execution)

VM Mutex/Monitor currently owned by a thread: None

Heap address: 0x0000000083200000, size: 1998 MB, Compressed Oops mode: 32-bit

CDS disabled.
Compressed class space mapped at: 0x0000000100000000-0x0000000140000000, reserved size: 1073741824
Narrow klass base: 0x0000000000000000, Narrow klass shift: 3, Narrow klass range: 0x140000000

GC Precious Log:
 CPUs: 8 total, 8 available
 Memory: 7991M
 Large Page Support: Disabled
 NUMA Support: Disabled
 Compressed Oops: Enabled (32-bit)
 Heap Region Size: 1M
 Heap Min Capacity: 8M
 Heap Initial Capacity: 126M
 Heap Max Capacity: 1998M
 Pre-touch: Disabled
 Parallel Workers: 8
 Concurrent Workers: 2
 Concurrent Refinement Workers: 8
 Periodic GC: Disabled

Heap:
 garbage-first heap   total 129024K, used 35861K [0x0000000083200000, 0x0000000100000000)
  region size 1024K, 27 young (27648K), 3 survivors (3072K)
 Metaspace       used 15430K, committed 15616K, reserved 1064960K
  class space    used 1484K, committed 1536K, reserved 1048576K

Heap Regions: E=young(eden), S=young(survivor), O=old, HS=humongous(starts), HC=humongous(continues), CS=collection set, F=free, OA=open archive, CA=closed archive, TAMS=top-at-mark-start (previous, next)
|   0|0x0000000083200000, 0x0000000083300000, 0x0000000083300000|100%|HS|  |TAMS 0x0000000083200000, 0x0000000083200000| Complete 
|   1|0x0000000083300000, 0x0000000083400000, 0x0000000083400000|100%|HC|  |TAMS 0x0000000083300000, 0x0000000083300000| Complete 
|   2|0x0000000083400000, 0x0000000083500000, 0x0000000083500000|100%|HS|  |TAMS 0x0000000083400000, 0x0000000083400000| Complete 
|   3|0x0000000083500000, 0x0000000083600000, 0x0000000083600000|100%|HC|  |TAMS 0x0000000083500000, 0x0000000083500000| Complete 
|   4|0x0000000083600000, 0x0000000083700000, 0x0000000083700000|100%|HC|  |TAMS 0x0000000083600000, 0x0000000083600000| Complete 
|   5|0x0000000083700000, 0x0000000083800000, 0x0000000083800000|100%|HC|  |TAMS 0x0000000083700000, 0x0000000083700000| Complete 
|   6|0x0000000083800000, 0x0000000083900000, 0x0000000083900000|100%|HC|  |TAMS 0x0000000083800000, 0x0000000083800000| Complete 
|   7|0x0000000083900000, 0x0000000083a00000, 0x0000000083a00000|100%|HC|  |TAMS 0x0000000083900000, 0x0000000083900000| Complete 
|   8|0x0000000083a00000, 0x0000000083b00000, 0x0000000083b00000|100%|HC|  |TAMS 0x0000000083a00000, 0x0000000083a00000| Complete 
|   9|0x0000000083b00000, 0x0000000083c00000, 0x0000000083c00000|100%|HC|  |TAMS 0x0000000083b00000, 0x0000000083b00000| Complete 
|  10|0x0000000083c00000, 0x0000000083c00000, 0x0000000083d00000|  0%| F|  |TAMS 0x0000000083c00000, 0x0000000083c00000| Untracked 
|  11|0x0000000083d00000, 0x0000000083d00000, 0x0000000083e00000|  0%| F|  |TAMS 0x0000000083d00000, 0x0000000083d00000| Untracked 
|  12|0x0000000083e00000, 0x0000000083e00000, 0x0000000083f00000|  0%| F|  |TAMS 0x0000000083e00000, 0x0000000083e00000| Untracked 
|  13|0x0000000083f00000, 0x0000000083f00000, 0x0000000084000000|  0%| F|  |TAMS 0x0000000083f00000, 0x0000000083f00000| Untracked 
|  14|0x0000000084000000, 0x0000000084000000, 0x0000000084100000|  0%| F|  |TAMS 0x0000000084000000, 0x0000000084000000| Untracked 
|  15|0x0000000084100000, 0x0000000084100000, 0x0000000084200000|  0%| F|  |TAMS 0x0000000084100000, 0x0000000084100000| Untracked 
|  16|0x0000000084200000, 0x0000000084200000, 0x0000000084300000|  0%| F|  |TAMS 0x0000000084200000, 0x0000000084200000| Untracked 
|  17|0x0000000084300000, 0x0000000084300000, 0x0000000084400000|  0%| F|  |TAMS 0x0000000084300000, 0x0000000084300000| Untracked 
|  18|0x0000000084400000, 0x0000000084400000, 0x0000000084500000|  0%| F|  |TAMS 0x0000000084400000, 0x0000000084400000| Untracked 
|  19|0x0000000084500000, 0x0000000084500000, 0x0000000084600000|  0%| F|  |TAMS 0x0000000084500000, 0x0000000084500000| Untracked 
|  20|0x0000000084600000, 0x0000000084600000, 0x0000000084700000|  0%| F|  |TAMS 0x0000000084600000, 0x0000000084600000| Untracked 
|  21|0x0000000084700000, 0x0000000084700000, 0x0000000084800000|  0%| F|  |TAMS 0x0000000084700000, 0x0000000084700000| Untracked 
|  22|0x0000000084800000, 0x0000000084800000, 0x0000000084900000|  0%| F|  |TAMS 0x0000000084800000, 0x0000000084800000| Untracked 
|  23|0x0000000084900000, 0x0000000084900000, 0x0000000084a00000|  0%| F|  |TAMS 0x0000000084900000, 0x0000000084900000| Untracked 
|  24|0x0000000084a00000, 0x0000000084a00000, 0x0000000084b00000|  0%| F|  |TAMS 0x0000000084a00000, 0x0000000084a00000| Untracked 
|  25|0x0000000084b00000, 0x0000000084b00000, 0x0000000084c00000|  0%| F|  |TAMS 0x0000000084b00000, 0x0000000084b00000| Untracked 
|  26|0x0000000084c00000, 0x0000000084c00000, 0x0000000084d00000|  0%| F|  |TAMS 0x0000000084c00000, 0x0000000084c00000| Untracked 
|  27|0x0000000084d00000, 0x0000000084d00000, 0x0000000084e00000|  0%| F|  |TAMS 0x0000000084d00000, 0x0000000084d00000| Untracked 
|  28|0x0000000084e00000, 0x0000000084e00000, 0x0000000084f00000|  0%| F|  |TAMS 0x0000000084e00000, 0x0000000084e00000| Untracked 
|  29|0x0000000084f00000, 0x0000000084f00000, 0x0000000085000000|  0%| F|  |TAMS 0x0000000084f00000, 0x0000000084f00000| Untracked 
|  30|0x0000000085000000, 0x0000000085000000, 0x0000000085100000|  0%| F|  |TAMS 0x0000000085000000, 0x0000000085000000| Untracked 
|  31|0x0000000085100000, 0x0000000085100000, 0x0000000085200000|  0%| F|  |TAMS 0x0000000085100000, 0x0000000085100000| Untracked 
|  32|0x0000000085200000, 0x0000000085200000, 0x0000000085300000|  0%| F|  |TAMS 0x0000000085200000, 0x0000000085200000| Untracked 
|  33|0x0000000085300000, 0x0000000085300000, 0x0000000085400000|  0%| F|  |TAMS 0x0000000085300000, 0x0000000085300000| Untracked 
|  34|0x0000000085400000, 0x0000000085400000, 0x0000000085500000|  0%| F|  |TAMS 0x0000000085400000, 0x0000000085400000| Untracked 
|  35|0x0000000085500000, 0x0000000085500000, 0x0000000085600000|  0%| F|  |TAMS 0x0000000085500000, 0x0000000085500000| Untracked 
|  36|0x0000000085600000, 0x0000000085600000, 0x0000000085700000|  0%| F|  |TAMS 0x0000000085600000, 0x0000000085600000| Untracked 
|  37|0x0000000085700000, 0x0000000085700000, 0x0000000085800000|  0%| F|  |TAMS 0x0000000085700000, 0x0000000085700000| Untracked 
|  38|0x0000000085800000, 0x0000000085800000, 0x0000000085900000|  0%| F|  |TAMS 0x0000000085800000, 0x0000000085800000| Untracked 
|  39|0x0000000085900000, 0x0000000085900000, 0x0000000085a00000|  0%| F|  |TAMS 0x0000000085900000, 0x0000000085900000| Untracked 
|  40|0x0000000085a00000, 0x0000000085a00000, 0x0000000085b00000|  0%| F|  |TAMS 0x0000000085a00000, 0x0000000085a00000| Untracked 
|  41|0x0000000085b00000, 0x0000000085b00000, 0x0000000085c00000|  0%| F|  |TAMS 0x0000000085b00000, 0x0000000085b00000| Untracked 
|  42|0x0000000085c00000, 0x0000000085c00000, 0x0000000085d00000|  0%| F|  |TAMS 0x0000000085c00000, 0x0000000085c00000| Untracked 
|  43|0x0000000085d00000, 0x0000000085d00000, 0x0000000085e00000|  0%| F|  |TAMS 0x0000000085d00000, 0x0000000085d00000| Untracked 
|  44|0x0000000085e00000, 0x0000000085e00000, 0x0000000085f00000|  0%| F|  |TAMS 0x0000000085e00000, 0x0000000085e00000| Untracked 
|  45|0x0000000085f00000, 0x0000000085f00000, 0x0000000086000000|  0%| F|  |TAMS 0x0000000085f00000, 0x0000000085f00000| Untracked 
|  46|0x0000000086000000, 0x0000000086000000, 0x0000000086100000|  0%| F|  |TAMS 0x0000000086000000, 0x0000000086000000| Untracked 
|  47|0x0000000086100000, 0x0000000086100000, 0x0000000086200000|  0%| F|  |TAMS 0x0000000086100000, 0x0000000086100000| Untracked 
|  48|0x0000000086200000, 0x0000000086200000, 0x0000000086300000|  0%| F|  |TAMS 0x0000000086200000, 0x0000000086200000| Untracked 
|  49|0x0000000086300000, 0x0000000086300000, 0x0000000086400000|  0%| F|  |TAMS 0x0000000086300000, 0x0000000086300000| Untracked 
|  50|0x0000000086400000, 0x0000000086400000, 0x0000000086500000|  0%| F|  |TAMS 0x0000000086400000, 0x0000000086400000| Untracked 
|  51|0x0000000086500000, 0x0000000086500000, 0x0000000086600000|  0%| F|  |TAMS 0x0000000086500000, 0x0000000086500000| Untracked 
|  52|0x0000000086600000, 0x0000000086600000, 0x0000000086700000|  0%| F|  |TAMS 0x0000000086600000, 0x0000000086600000| Untracked 
|  53|0x0000000086700000, 0x0000000086700000, 0x0000000086800000|  0%| F|  |TAMS 0x0000000086700000, 0x0000000086700000| Untracked 
|  54|0x0000000086800000, 0x0000000086800000, 0x0000000086900000|  0%| F|  |TAMS 0x0000000086800000, 0x0000000086800000| Untracked 
|  55|0x0000000086900000, 0x0000000086900000, 0x0000000086a00000|  0%| F|  |TAMS 0x0000000086900000, 0x0000000086900000| Untracked 
|  56|0x0000000086a00000, 0x0000000086a00000, 0x0000000086b00000|  0%| F|  |TAMS 0x0000000086a00000, 0x0000000086a00000| Untracked 
|  57|0x0000000086b00000, 0x0000000086b00000, 0x0000000086c00000|  0%| F|  |TAMS 0x0000000086b00000, 0x0000000086b00000| Untracked 
|  58|0x0000000086c00000, 0x0000000086c00000, 0x0000000086d00000|  0%| F|  |TAMS 0x0000000086c00000, 0x0000000086c00000| Untracked 
|  59|0x0000000086d00000, 0x0000000086d00000, 0x0000000086e00000|  0%| F|  |TAMS 0x0000000086d00000, 0x0000000086d00000| Untracked 
|  60|0x0000000086e00000, 0x0000000086e00000, 0x0000000086f00000|  0%| F|  |TAMS 0x0000000086e00000, 0x0000000086e00000| Untracked 
|  61|0x0000000086f00000, 0x0000000086f00000, 0x0000000087000000|  0%| F|  |TAMS 0x0000000086f00000, 0x0000000086f00000| Untracked 
|  62|0x0000000087000000, 0x0000000087000000, 0x0000000087100000|  0%| F|  |TAMS 0x0000000087000000, 0x0000000087000000| Untracked 
|  63|0x0000000087100000, 0x0000000087100000, 0x0000000087200000|  0%| F|  |TAMS 0x0000000087100000, 0x0000000087100000| Untracked 
|  64|0x0000000087200000, 0x0000000087200000, 0x0000000087300000|  0%| F|  |TAMS 0x0000000087200000, 0x0000000087200000| Untracked 
|  65|0x0000000087300000, 0x0000000087300000, 0x0000000087400000|  0%| F|  |TAMS 0x0000000087300000, 0x0000000087300000| Untracked 
|  66|0x0000000087400000, 0x0000000087400000, 0x0000000087500000|  0%| F|  |TAMS 0x0000000087400000, 0x0000000087400000| Untracked 
|  67|0x0000000087500000, 0x0000000087500000, 0x0000000087600000|  0%| F|  |TAMS 0x0000000087500000, 0x0000000087500000| Untracked 
|  68|0x0000000087600000, 0x0000000087600000, 0x0000000087700000|  0%| F|  |TAMS 0x0000000087600000, 0x0000000087600000| Untracked 
|  69|0x0000000087700000, 0x0000000087700000, 0x0000000087800000|  0%| F|  |TAMS 0x0000000087700000, 0x0000000087700000| Untracked 
|  70|0x0000000087800000, 0x0000000087800000, 0x0000000087900000|  0%| F|  |TAMS 0x0000000087800000, 0x0000000087800000| Untracked 
|  71|0x0000000087900000, 0x0000000087900000, 0x0000000087a00000|  0%| F|  |TAMS 0x0000000087900000, 0x0000000087900000| Untracked 
|  72|0x0000000087a00000, 0x0000000087a00000, 0x0000000087b00000|  0%| F|  |TAMS 0x0000000087a00000, 0x0000000087a00000| Untracked 
|  73|0x0000000087b00000, 0x0000000087b00000, 0x0000000087c00000|  0%| F|  |TAMS 0x0000000087b00000, 0x0000000087b00000| Untracked 
|  74|0x0000000087c00000, 0x0000000087c00000, 0x0000000087d00000|  0%| F|  |TAMS 0x0000000087c00000, 0x0000000087c00000| Untracked 
|  75|0x0000000087d00000, 0x0000000087d00000, 0x0000000087e00000|  0%| F|  |TAMS 0x0000000087d00000, 0x0000000087d00000| Untracked 
|  76|0x0000000087e00000, 0x0000000087e00000, 0x0000000087f00000|  0%| F|  |TAMS 0x0000000087e00000, 0x0000000087e00000| Untracked 
|  77|0x0000000087f00000, 0x0000000087f00000, 0x0000000088000000|  0%| F|  |TAMS 0x0000000087f00000, 0x0000000087f00000| Untracked 
|  78|0x0000000088000000, 0x0000000088000000, 0x0000000088100000|  0%| F|  |TAMS 0x0000000088000000, 0x0000000088000000| Untracked 
|  79|0x0000000088100000, 0x0000000088100000, 0x0000000088200000|  0%| F|  |TAMS 0x0000000088100000, 0x0000000088100000| Untracked 
|  80|0x0000000088200000, 0x0000000088200000, 0x0000000088300000|  0%| F|  |TAMS 0x0000000088200000, 0x0000000088200000| Untracked 
|  81|0x0000000088300000, 0x0000000088300000, 0x0000000088400000|  0%| F|  |TAMS 0x0000000088300000, 0x0000000088300000| Untracked 
|  82|0x0000000088400000, 0x0000000088400000, 0x0000000088500000|  0%| F|  |TAMS 0x0000000088400000, 0x0000000088400000| Untracked 
|  83|0x0000000088500000, 0x0000000088500000, 0x0000000088600000|  0%| F|  |TAMS 0x0000000088500000, 0x0000000088500000| Untracked 
|  84|0x0000000088600000, 0x0000000088600000, 0x0000000088700000|  0%| F|  |TAMS 0x0000000088600000, 0x0000000088600000| Untracked 
|  85|0x0000000088700000, 0x0000000088700000, 0x0000000088800000|  0%| F|  |TAMS 0x0000000088700000, 0x0000000088700000| Untracked 
|  86|0x0000000088800000, 0x0000000088800000, 0x0000000088900000|  0%| F|  |TAMS 0x0000000088800000, 0x0000000088800000| Untracked 
|  87|0x0000000088900000, 0x0000000088900000, 0x0000000088a00000|  0%| F|  |TAMS 0x0000000088900000, 0x0000000088900000| Untracked 
|  88|0x0000000088a00000, 0x0000000088a00000, 0x0000000088b00000|  0%| F|  |TAMS 0x0000000088a00000, 0x0000000088a00000| Untracked 
|  89|0x0000000088b00000, 0x0000000088b00000, 0x0000000088c00000|  0%| F|  |TAMS 0x0000000088b00000, 0x0000000088b00000| Untracked 
|  90|0x0000000088c00000, 0x0000000088c00000, 0x0000000088d00000|  0%| F|  |TAMS 0x0000000088c00000, 0x0000000088c00000| Untracked 
|  91|0x0000000088d00000, 0x0000000088d00000, 0x0000000088e00000|  0%| F|  |TAMS 0x0000000088d00000, 0x0000000088d00000| Untracked 
|  92|0x0000000088e00000, 0x0000000088e00000, 0x0000000088f00000|  0%| F|  |TAMS 0x0000000088e00000, 0x0000000088e00000| Untracked 
|  93|0x0000000088f00000, 0x0000000088f00000, 0x0000000089000000|  0%| F|  |TAMS 0x0000000088f00000, 0x0000000088f00000| Untracked 
|  94|0x0000000089000000, 0x0000000089000000, 0x0000000089100000|  0%| F|  |TAMS 0x0000000089000000, 0x0000000089000000| Untracked 
|  95|0x0000000089100000, 0x0000000089100000, 0x0000000089200000|  0%| F|  |TAMS 0x0000000089100000, 0x0000000089100000| Untracked 
|  96|0x0000000089200000, 0x0000000089200000, 0x0000000089300000|  0%| F|  |TAMS 0x0000000089200000, 0x0000000089200000| Untracked 
|  97|0x0000000089300000, 0x0000000089300000, 0x0000000089400000|  0%| F|  |TAMS 0x0000000089300000, 0x0000000089300000| Untracked 
|  98|0x0000000089400000, 0x0000000089400000, 0x0000000089500000|  0%| F|  |TAMS 0x0000000089400000, 0x0000000089400000| Untracked 
|  99|0x0000000089500000, 0x00000000895ba9d8, 0x0000000089600000| 72%| E|  |TAMS 0x0000000089500000, 0x0000000089500000| Complete 
| 100|0x0000000089600000, 0x0000000089605540, 0x0000000089700000|  2%| S|CS|TAMS 0x0000000089600000, 0x0000000089600000| Complete 
| 101|0x0000000089700000, 0x0000000089800000, 0x0000000089800000|100%| S|CS|TAMS 0x0000000089700000, 0x0000000089700000| Complete 
| 102|0x0000000089800000, 0x0000000089900000, 0x0000000089900000|100%| S|CS|TAMS 0x0000000089800000, 0x0000000089800000| Complete 
| 103|0x0000000089900000, 0x0000000089a00000, 0x0000000089a00000|100%| E|CS|TAMS 0x0000000089900000, 0x0000000089900000| Complete 
| 104|0x0000000089a00000, 0x0000000089b00000, 0x0000000089b00000|100%| E|CS|TAMS 0x0000000089a00000, 0x0000000089a00000| Complete 
| 105|0x0000000089b00000, 0x0000000089c00000, 0x0000000089c00000|100%| E|CS|TAMS 0x0000000089b00000, 0x0000000089b00000| Complete 
| 106|0x0000000089c00000, 0x0000000089d00000, 0x0000000089d00000|100%| E|CS|TAMS 0x0000000089c00000, 0x0000000089c00000| Complete 
| 107|0x0000000089d00000, 0x0000000089e00000, 0x0000000089e00000|100%| E|CS|TAMS 0x0000000089d00000, 0x0000000089d00000| Complete 
| 108|0x0000000089e00000, 0x0000000089f00000, 0x0000000089f00000|100%| E|CS|TAMS 0x0000000089e00000, 0x0000000089e00000| Complete 
| 109|0x0000000089f00000, 0x000000008a000000, 0x000000008a000000|100%| E|CS|TAMS 0x0000000089f00000, 0x0000000089f00000| Complete 
| 110|0x000000008a000000, 0x000000008a100000, 0x000000008a100000|100%| E|CS|TAMS 0x000000008a000000, 0x000000008a000000| Complete 
| 111|0x000000008a100000, 0x000000008a200000, 0x000000008a200000|100%| E|CS|TAMS 0x000000008a100000, 0x000000008a100000| Complete 
| 112|0x000000008a200000, 0x000000008a300000, 0x000000008a300000|100%| E|CS|TAMS 0x000000008a200000, 0x000000008a200000| Complete 
| 113|0x000000008a300000, 0x000000008a400000, 0x000000008a400000|100%| E|CS|TAMS 0x000000008a300000, 0x000000008a300000| Complete 
| 114|0x000000008a400000, 0x000000008a500000, 0x000000008a500000|100%| E|CS|TAMS 0x000000008a400000, 0x000000008a400000| Complete 
| 115|0x000000008a500000, 0x000000008a600000, 0x000000008a600000|100%| E|CS|TAMS 0x000000008a500000, 0x000000008a500000| Complete 
| 116|0x000000008a600000, 0x000000008a700000, 0x000000008a700000|100%| E|CS|TAMS 0x000000008a600000, 0x000000008a600000| Complete 
| 117|0x000000008a700000, 0x000000008a800000, 0x000000008a800000|100%| E|CS|TAMS 0x000000008a700000, 0x000000008a700000| Complete 
| 118|0x000000008a800000, 0x000000008a900000, 0x000000008a900000|100%| E|CS|TAMS 0x000000008a800000, 0x000000008a800000| Complete 
| 119|0x000000008a900000, 0x000000008aa00000, 0x000000008aa00000|100%| E|CS|TAMS 0x000000008a900000, 0x000000008a900000| Complete 
| 120|0x000000008aa00000, 0x000000008ab00000, 0x000000008ab00000|100%| E|CS|TAMS 0x000000008aa00000, 0x000000008aa00000| Complete 
| 121|0x000000008ab00000, 0x000000008ac00000, 0x000000008ac00000|100%| E|CS|TAMS 0x000000008ab00000, 0x000000008ab00000| Complete 
| 122|0x000000008ac00000, 0x000000008ad00000, 0x000000008ad00000|100%| E|CS|TAMS 0x000000008ac00000, 0x000000008ac00000| Complete 
| 123|0x000000008ad00000, 0x000000008ae00000, 0x000000008ae00000|100%| E|CS|TAMS 0x000000008ad00000, 0x000000008ad00000| Complete 
| 124|0x000000008ae00000, 0x000000008af00000, 0x000000008af00000|100%| E|CS|TAMS 0x000000008ae00000, 0x000000008ae00000| Complete 
| 125|0x000000008af00000, 0x000000008b000000, 0x000000008b000000|100%| E|CS|TAMS 0x000000008af00000, 0x000000008af00000| Complete 

Card table byte_map: [0x00000214b0d50000,0x00000214b1140000] _byte_map_base: 0x00000214b0937000

Marking Bits (Prev, Next): (CMBitMap*) 0x000002149e0e6400, (CMBitMap*) 0x000002149e0e6440
 Prev Bits: [0x00000214b1530000, 0x00000214b3468000)
 Next Bits: [0x00000214b3470000, 0x00000214b53a8000)

Polling page: 0x000002149d890000

Metaspace:

Usage:
  Non-class:     13.62 MB used.
      Class:      1.45 MB used.
       Both:     15.07 MB used.

Virtual space:
  Non-class space:       16.00 MB reserved,      13.75 MB ( 86%) committed,  2 nodes.
      Class space:        1.00 GB reserved,       1.50 MB ( <1%) committed,  1 nodes.
              Both:        1.02 GB reserved,      15.25 MB (  1%) committed. 

Chunk freelists:
   Non-Class:  2.23 MB
       Class:  2.51 MB
        Both:  4.74 MB

MaxMetaspaceSize: 17179869184.00 GB
CompressedClassSpaceSize: 1.00 GB
 - commit_granule_bytes: 65536.
 - commit_granule_words: 8192.
 - virtual_space_node_default_size: 1048576.
 - enlarge_chunks_in_place: 1.
 - new_chunks_are_fully_committed: 0.
 - uncommit_free_chunks: 1.
 - use_allocation_guard: 0.
 - handle_deallocations: 1.


Internal statistics:

num_allocs_failed_limit: 0.
num_arena_births: 124.
num_arena_deaths: 0.
num_vsnodes_births: 3.
num_vsnodes_deaths: 0.
num_space_committed: 244.
num_space_uncommitted: 0.
num_chunks_returned_to_freelist: 0.
num_chunks_taken_from_freelist: 200.
num_chunk_merges: 0.
num_chunk_splits: 117.
num_chunks_enlarged: 67.
num_purges: 0.

CodeHeap 'non-profiled nmethods': size=120000Kb used=288Kb max_used=288Kb free=119711Kb
 bounds [0x00000214a9100000, 0x00000214a9370000, 0x00000214b0630000]
CodeHeap 'profiled nmethods': size=120000Kb used=1463Kb max_used=1463Kb free=118536Kb
 bounds [0x00000214a1bd0000, 0x00000214a1e40000, 0x00000214a9100000]
CodeHeap 'non-nmethods': size=5760Kb used=1455Kb max_used=1470Kb free=4304Kb
 bounds [0x00000214a1630000, 0x00000214a18a0000, 0x00000214a1bd0000]
 total_blobs=1824 nmethods=1002 adapters=735
 compilation: enabled
              stopped_count=0, restarted_count=0
 full_count=0

Compilation events (20 events):
Event: 3.709 Thread 0x00000214b880eef0 nmethod 993 0x00000214a1d38610 code [0x00000214a1d388e0, 0x00000214a1d39f38]
Event: 3.709 Thread 0x00000214b880eef0  995       3       java.awt.AWTEvent::<init> (81 bytes)
Event: 3.709 Thread 0x00000214b880eef0 nmethod 995 0x00000214a1d3a410 code [0x00000214a1d3a5e0, 0x00000214a1d3aa78]
Event: 4.301 Thread 0x00000214b880eef0  996       3       sun.awt.SunToolkit::getSystemEventQueueImplPP (13 bytes)
Event: 4.301 Thread 0x00000214b880eef0 nmethod 996 0x00000214a1d3ac10 code [0x00000214a1d3adc0, 0x00000214a1d3afe8]
Event: 4.312 Thread 0x00000214b880eef0  997       3       java.security.AccessControlContext::<init> (63 bytes)
Event: 4.312 Thread 0x00000214b880eef0 nmethod 997 0x00000214a1d3b110 code [0x00000214a1d3b2e0, 0x00000214a1d3b7a8]
Event: 4.312 Thread 0x00000214b880eef0  998       3       java.awt.Toolkit::getEventQueue (7 bytes)
Event: 4.312 Thread 0x00000214b880eef0 nmethod 998 0x00000214a1d3b910 code [0x00000214a1d3bac0, 0x00000214a1d3bc98]
Event: 4.312 Thread 0x00000214b880eef0  999       3       sun.awt.SunToolkit::getSystemEventQueueImpl (4 bytes)
Event: 4.312 Thread 0x00000214b880eef0 nmethod 999 0x00000214a1d3bd90 code [0x00000214a1d3bf60, 0x00000214a1d3c278]
Event: 5.989 Thread 0x00000214b880eef0 1000  s    3       java.awt.KeyboardFocusManager::getCurrentKeyboardFocusManager (32 bytes)
Event: 5.989 Thread 0x00000214b880eef0 nmethod 1000 0x00000214a1d3c410 code [0x00000214a1d3c5e0, 0x00000214a1d3c9c8]
Event: 5.989 Thread 0x00000214b880eef0 1002       3       java.beans.PropertyChangeSupport::fire (39 bytes)
Event: 5.989 Thread 0x00000214b880eef0 nmethod 1002 0x00000214a1d3cb10 code [0x00000214a1d3ccc0, 0x00000214a1d3cf88]
Event: 5.989 Thread 0x00000214b880eef0 1001  s    3       java.beans.ChangeListenerMap::get (25 bytes)
Event: 5.989 Thread 0x00000214b880eef0 nmethod 1001 0x00000214a1d3d110 code [0x00000214a1d3d2e0, 0x00000214a1d3d6a8]
Event: 631.735 Thread 0x00000214b8805490 1004       4       jdk.internal.org.objectweb.asm.SymbolTable::addConstantUtf8 (98 bytes)
Event: 631.736 Thread 0x00000214b880eef0 1003       3       java.lang.ref.ReferenceQueue::reallyPoll (65 bytes)
Event: 631.737 Thread 0x00000214b880eef0 nmethod 1003 0x00000214a1d3d790 code [0x00000214a1d3d960, 0x00000214a1d3de78]

GC Heap History (2 events):
Event: 0.542 GC heap before
{Heap before GC invocations=0 (full 0):
 garbage-first heap   total 129024K, used 33792K [0x0000000083200000, 0x0000000100000000)
  region size 1024K, 23 young (23552K), 0 survivors (0K)
 Metaspace       used 15341K, committed 15488K, reserved 1064960K
  class space    used 1483K, committed 1536K, reserved 1048576K
}
Event: 0.545 GC heap after
{Heap after GC invocations=1 (full 0):
 garbage-first heap   total 129024K, used 12309K [0x0000000083200000, 0x0000000100000000)
  region size 1024K, 3 young (3072K), 3 survivors (3072K)
 Metaspace       used 15341K, committed 15488K, reserved 1064960K
  class space    used 1483K, committed 1536K, reserved 1048576K
}

Deoptimization events (20 events):
Event: 0.157 Thread 0x000002149e0abb10 Uncommon trap: trap_request=0xffffff45 fr.pc=0x00000214a9107e14 relative=0x0000000000000074
Event: 0.157 Thread 0x000002149e0abb10 Uncommon trap: reason=unstable_if action=reinterpret pc=0x00000214a9107e14 method=java.lang.String.isLatin1()Z @ 10 c2
Event: 0.157 Thread 0x000002149e0abb10 DEOPT PACKING pc=0x00000214a9107e14 sp=0x00000093970fecd0
Event: 0.157 Thread 0x000002149e0abb10 DEOPT UNPACKING pc=0x00000214a167f92e sp=0x00000093970fec10 mode 2
Event: 0.305 Thread 0x000002149e0abb10 Uncommon trap: trap_request=0xffffff45 fr.pc=0x00000214a9123e84 relative=0x0000000000000064
Event: 0.305 Thread 0x000002149e0abb10 Uncommon trap: reason=unstable_if action=reinterpret pc=0x00000214a9123e84 method=java.nio.Buffer.hasRemaining()Z @ 8 c2
Event: 0.305 Thread 0x000002149e0abb10 DEOPT PACKING pc=0x00000214a9123e84 sp=0x00000093970fe9e0
Event: 0.305 Thread 0x000002149e0abb10 DEOPT UNPACKING pc=0x00000214a167f92e sp=0x00000093970fe978 mode 2
Event: 0.416 Thread 0x000002149e0abb10 DEOPT PACKING pc=0x00000214a1be2d67 sp=0x00000093970fd0f0
Event: 0.416 Thread 0x000002149e0abb10 DEOPT UNPACKING pc=0x00000214a167e77e sp=0x00000093970fc510 mode 0
Event: 0.451 Thread 0x000002149e0abb10 DEOPT PACKING pc=0x00000214a1c847b5 sp=0x00000093970fecb0
Event: 0.451 Thread 0x000002149e0abb10 DEOPT UNPACKING pc=0x00000214a167e77e sp=0x00000093970fe148 mode 0
Event: 0.451 Thread 0x000002149e0abb10 DEOPT PACKING pc=0x00000214a1c847b5 sp=0x00000093970fecb0
Event: 0.451 Thread 0x000002149e0abb10 DEOPT UNPACKING pc=0x00000214a167e77e sp=0x00000093970fe148 mode 0
Event: 0.452 Thread 0x000002149e0abb10 DEOPT PACKING pc=0x00000214a1c847b5 sp=0x00000093970fecb0
Event: 0.452 Thread 0x000002149e0abb10 DEOPT UNPACKING pc=0x00000214a167e77e sp=0x00000093970fe148 mode 0
Event: 0.515 Thread 0x000002149e0abb10 DEOPT PACKING pc=0x00000214a1d07d4a sp=0x00000093970ff0c0
Event: 0.515 Thread 0x000002149e0abb10 DEOPT UNPACKING pc=0x00000214a167e77e sp=0x00000093970fe5a8 mode 0
Event: 0.580 Thread 0x000002149e0abb10 DEOPT PACKING pc=0x00000214a1d0dd20 sp=0x00000093970fea60
Event: 0.580 Thread 0x000002149e0abb10 DEOPT UNPACKING pc=0x00000214a167e77e sp=0x00000093970fdf38 mode 0

Classes unloaded (0 events):
No events

Classes redefined (0 events):
No events

Internal exceptions (20 events):
Event: 0.228 Thread 0x000002149e0abb10 Exception <a 'sun/nio/fs/WindowsException'{0x000000008ac4fa48}> (0x000000008ac4fa48) 
thrown [t:\workspace\open\src\hotspot\share\prims\jni.cpp, line 579]
Event: 0.232 Thread 0x000002149e0abb10 Exception <a 'java/lang/ClassNotFoundException'{0x000000008ac564c8}: sun/awt/resources/spi/awtProvider> (0x000000008ac564c8) 
thrown [t:\workspace\open\src\hotspot\share\classfile\systemDictionary.cpp, line 256]
Event: 0.245 Thread 0x000002149e0abb10 Exception <a 'java/io/FileNotFoundException'{0x000000008acab1f8}> (0x000000008acab1f8) 
thrown [t:\workspace\open\src\hotspot\share\prims\jni.cpp, line 579]
Event: 0.249 Thread 0x000002149e0abb10 Exception <a 'java/io/FileNotFoundException'{0x000000008acd9a90}> (0x000000008acd9a90) 
thrown [t:\workspace\open\src\hotspot\share\prims\jni.cpp, line 579]
Event: 0.249 Thread 0x000002149e0abb10 Exception <a 'java/lang/NoSuchMethodError'{0x000000008acdaca8}: 'java.lang.Object java.lang.invoke.DirectMethodHandle$Holder.invokeStatic(java.lang.Object)'> (0x000000008acdaca8) 
thrown [t:\workspace\open\src\hotspot\share\interpreter\linkResolver.cpp, line 790]
Event: 0.256 Thread 0x000002149e0abb10 Exception <a 'sun/nio/fs/WindowsException'{0x000000008ab05b70}> (0x000000008ab05b70) 
thrown [t:\workspace\open\src\hotspot\share\prims\jni.cpp, line 579]
Event: 0.257 Thread 0x000002149e0abb10 Exception <a 'sun/nio/fs/WindowsException'{0x000000008ab085e0}> (0x000000008ab085e0) 
thrown [t:\workspace\open\src\hotspot\share\prims\jni.cpp, line 579]
Event: 0.257 Thread 0x000002149e0abb10 Exception <a 'sun/nio/fs/WindowsException'{0x000000008ab0b318}> (0x000000008ab0b318) 
thrown [t:\workspace\open\src\hotspot\share\prims\jni.cpp, line 579]
Event: 0.258 Thread 0x000002149e0abb10 Exception <a 'sun/nio/fs/WindowsException'{0x000000008ab0df70}> (0x000000008ab0df70) 
thrown [t:\workspace\open\src\hotspot\share\prims\jni.cpp, line 579]
Event: 0.258 Thread 0x000002149e0abb10 Exception <a 'sun/nio/fs/WindowsException'{0x000000008ab110b0}> (0x000000008ab110b0) 
thrown [t:\workspace\open\src\hotspot\share\prims\jni.cpp, line 579]
Event: 0.270 Thread 0x000002149e0abb10 Exception <a 'java/lang/NoSuchMethodError'{0x000000008ab58ae8}: 'java.lang.Object java.lang.invoke.DirectMethodHandle$Holder.invokeStaticInit(java.lang.Object, int, int, int, int)'> (0x000000008ab58ae8) 
thrown [t:\workspace\open\src\hotspot\share\interpreter\linkResolver.cpp, line 790]
Event: 0.292 Thread 0x000002149e0abb10 Exception <a 'java/lang/NoSuchMethodError'{0x000000008abb0b00}: 'java.lang.Object java.lang.invoke.DirectMethodHandle$Holder.invokeStaticInit(java.lang.Object, java.lang.Object, int, int, int, int)'> (0x000000008abb0b00) 
thrown [t:\workspace\open\src\hotspot\share\interpreter\linkResolver.cpp, line 790]
Event: 0.297 Thread 0x000002149e0abb10 Exception <a 'java/lang/NoSuchMethodError'{0x000000008abbc6d8}: 'java.lang.Object java.lang.invoke.DirectMethodHandle$Holder.invokeStaticInit(java.lang.Object)'> (0x000000008abbc6d8) 
thrown [t:\workspace\open\src\hotspot\share\interpreter\linkResolver.cpp, line 790]
Event: 0.365 Thread 0x000002149e0abb10 Exception <a 'java/lang/NoSuchMethodError'{0x000000008aace250}: 'java.lang.Object java.lang.invoke.DirectMethodHandle$Holder.newInvokeSpecial(java.lang.Object, java.lang.Object, java.lang.Object, java.lang.Object, java.lang.Object)'> (0x000000008aace250) 
thrown [t:\workspace\open\src\hotspot\share\interpreter\linkResolver.cpp, line 790]
Event: 0.366 Thread 0x000002149e0abb10 Exception <a 'java/lang/NoSuchMethodError'{0x000000008aad9d38}: 'java.lang.Object java.lang.invoke.DirectMethodHandle$Holder.invokeStatic(java.lang.Object, int, java.lang.Object, java.lang.Object, java.lang.Object, java.lang.Object)'> (0x000000008aad9d38) 
thrown [t:\workspace\open\src\hotspot\share\interpreter\linkResolver.cpp, line 790]
Event: 0.368 Thread 0x000002149e0abb10 Exception <a 'java/lang/NoSuchMethodError'{0x000000008a9004f8}: 'java.lang.Object java.lang.invoke.DirectMethodHandle$Holder.invokeStatic(java.lang.Object, int, java.lang.Object)'> (0x000000008a9004f8) 
thrown [t:\workspace\open\src\hotspot\share\interpreter\linkResolver.cpp, line 790]
Event: 0.381 Thread 0x000002149e0abb10 Exception <a 'java/lang/ClassNotFoundException'{0x000000008a9b8148}: com/sun/swing/internal/plaf/metal/resources/spi/metalProvider> (0x000000008a9b8148) 
thrown [t:\workspace\open\src\hotspot\share\classfile\systemDictionary.cpp, line 256]
Event: 0.382 Thread 0x000002149e0abb10 Exception <a 'java/lang/ClassNotFoundException'{0x000000008a9bc180}: com/sun/swing/internal/plaf/basic/resources/spi/basicProvider> (0x000000008a9bc180) 
thrown [t:\workspace\open\src\hotspot\share\classfile\systemDictionary.cpp, line 256]
Event: 0.407 Thread 0x000002149e0abb10 Exception <a 'java/lang/NoSuchMethodError'{0x000000008a882cd0}: 'void java.lang.invoke.DirectMethodHandle$Holder.invokeStaticInit(java.lang.Object)'> (0x000000008a882cd0) 
thrown [t:\workspace\open\src\hotspot\share\interpreter\linkResolver.cpp, line 790]
Event: 0.429 Thread 0x000002149e0abb10 Exception <a 'sun/nio/fs/WindowsException'{0x000000008a8e2630}> (0x000000008a8e2630) 
thrown [t:\workspace\open\src\hotspot\share\prims\jni.cpp, line 579]

Events (20 events):
Event: 0.499 loading class java/util/concurrent/ForkJoinPool$WorkQueue
Event: 0.500 loading class java/util/concurrent/ForkJoinPool$WorkQueue done
Event: 0.500 loading class java/util/concurrent/ForkJoinWorkerThread
Event: 0.500 loading class java/util/concurrent/ForkJoinWorkerThread done
Event: 0.501 loading class jdk/internal/math/FDBigInteger
Event: 0.502 loading class jdk/internal/math/FDBigInteger done
Event: 0.507 loading class java/util/concurrent/locks/AbstractQueuedSynchronizer$ExclusiveNode
Event: 0.507 loading class java/util/concurrent/locks/AbstractQueuedSynchronizer$ExclusiveNode done
Event: 0.541 Executing  VM operation: G1CollectForAllocation
Event: 0.545 Executing  VM operation: G1CollectForAllocation done
Event: 0.668 Thread 0x000002149e0abb10 Thread exited: 0x000002149e0abb10
Event: 0.668 Thread 0x000002149e0abb10 Thread added: 0x000002149e0abb10
Event: 1.559 Executing  VM operation: Cleanup
Event: 1.559 Executing  VM operation: Cleanup done
Event: 1.826 loading class java/awt/KeyboardFocusManager$2
Event: 1.826 loading class java/awt/KeyboardFocusManager$2 done
Event: 1.826 loading class sun/awt/SunToolkit$1
Event: 1.827 loading class sun/awt/SunToolkit$1 done
Event: 2.569 Executing  VM operation: Cleanup
Event: 2.569 Executing  VM operation: Cleanup done


Dynamic libraries:
0x00007ff69bee0000 - 0x00007ff69beee000 	C:\Users\user\.p2\pool\plugins\org.eclipse.justj.openjdk.hotspot.jre.full.win32.x86_64_16.0.2.v20210721-1149\jre\bin\javaw.exe
0x00007fffb6b30000 - 0x00007fffb6d25000 	C:\Windows\SYSTEM32\ntdll.dll
0x00007fffb50f0000 - 0x00007fffb51ae000 	C:\Windows\System32\KERNEL32.DLL
0x00007fffb4250000 - 0x00007fffb4518000 	C:\Windows\System32\KERNELBASE.dll
0x00007fffb4a40000 - 0x00007fffb4b40000 	C:\Windows\System32\ucrtbase.dll
0x00007fff97280000 - 0x00007fff97298000 	C:\Users\user\.p2\pool\plugins\org.eclipse.justj.openjdk.hotspot.jre.full.win32.x86_64_16.0.2.v20210721-1149\jre\bin\jli.dll
0x00007fffb5920000 - 0x00007fffb5ac0000 	C:\Windows\System32\USER32.dll
0x00007fffb4520000 - 0x00007fffb4542000 	C:\Windows\System32\win32u.dll
0x00007fffb53c0000 - 0x00007fffb53ea000 	C:\Windows\System32\GDI32.dll
0x00007fffb4710000 - 0x00007fffb481b000 	C:\Windows\System32\gdi32full.dll
0x00007fffb45c0000 - 0x00007fffb465d000 	C:\Windows\System32\msvcp_win.dll
0x00007fff97b10000 - 0x00007fff97b29000 	C:\Users\user\.p2\pool\plugins\org.eclipse.justj.openjdk.hotspot.jre.full.win32.x86_64_16.0.2.v20210721-1149\jre\bin\VCRUNTIME140.dll
0x00007fffa4a80000 - 0x00007fffa4d1a000 	C:\Windows\WinSxS\amd64_microsoft.windows.common-controls_6595b64144ccf1df_6.0.19041.1110_none_60b5254171f9507e\COMCTL32.dll
0x00007fffb4d70000 - 0x00007fffb4e0e000 	C:\Windows\System32\msvcrt.dll
0x00007fffb4d40000 - 0x00007fffb4d70000 	C:\Windows\System32\IMM32.DLL
0x00007fffa4e40000 - 0x00007fffa4e4c000 	C:\Users\user\.p2\pool\plugins\org.eclipse.justj.openjdk.hotspot.jre.full.win32.x86_64_16.0.2.v20210721-1149\jre\bin\vcruntime140_1.dll
0x00007fff80490000 - 0x00007fff80521000 	C:\Users\user\.p2\pool\plugins\org.eclipse.justj.openjdk.hotspot.jre.full.win32.x86_64_16.0.2.v20210721-1149\jre\bin\msvcp140.dll
0x00007fff3d1d0000 - 0x00007fff3dd7b000 	C:\Users\user\.p2\pool\plugins\org.eclipse.justj.openjdk.hotspot.jre.full.win32.x86_64_16.0.2.v20210721-1149\jre\bin\server\jvm.dll
0x00007fffb5b20000 - 0x00007fffb5bce000 	C:\Windows\System32\ADVAPI32.dll
0x00007fffb4e70000 - 0x00007fffb4f0c000 	C:\Windows\System32\sechost.dll
0x00007fffb57e0000 - 0x00007fffb5905000 	C:\Windows\System32\RPCRT4.dll
0x00007fffb6ae0000 - 0x00007fffb6ae8000 	C:\Windows\System32\PSAPI.DLL
0x00007fffb0820000 - 0x00007fffb0829000 	C:\Windows\SYSTEM32\WSOCK32.dll
0x00007fffb6960000 - 0x00007fffb69cb000 	C:\Windows\System32\WS2_32.dll
0x00007fffad670000 - 0x00007fffad67a000 	C:\Windows\SYSTEM32\VERSION.dll
0x00007fff9b4b0000 - 0x00007fff9b4d7000 	C:\Windows\SYSTEM32\WINMM.dll
0x00007fffb2b00000 - 0x00007fffb2b12000 	C:\Windows\SYSTEM32\kernel.appcore.dll
0x00007fffaed30000 - 0x00007fffaed3a000 	C:\Users\user\.p2\pool\plugins\org.eclipse.justj.openjdk.hotspot.jre.full.win32.x86_64_16.0.2.v20210721-1149\jre\bin\jimage.dll
0x00007fffb2060000 - 0x00007fffb2244000 	C:\Windows\SYSTEM32\DBGHELP.DLL
0x00007fff99800000 - 0x00007fff9982c000 	C:\Windows\SYSTEM32\dbgcore.DLL
0x00007fffb4820000 - 0x00007fffb48a2000 	C:\Windows\System32\bcryptPrimitives.dll
0x00007fffae690000 - 0x00007fffae6b5000 	C:\Users\user\.p2\pool\plugins\org.eclipse.justj.openjdk.hotspot.jre.full.win32.x86_64_16.0.2.v20210721-1149\jre\bin\java.dll
0x00007fffae8b0000 - 0x00007fffae8c8000 	C:\Users\user\.p2\pool\plugins\org.eclipse.justj.openjdk.hotspot.jre.full.win32.x86_64_16.0.2.v20210721-1149\jre\bin\zip.dll
0x00007fffb61f0000 - 0x00007fffb6934000 	C:\Windows\System32\SHELL32.dll
0x00007fffb2250000 - 0x00007fffb29e4000 	C:\Windows\SYSTEM32\windows.storage.dll
0x00007fffb53f0000 - 0x00007fffb5744000 	C:\Windows\System32\combase.dll
0x00007fffb3c40000 - 0x00007fffb3c6c000 	C:\Windows\SYSTEM32\Wldp.dll
0x00007fffb5040000 - 0x00007fffb50ed000 	C:\Windows\System32\SHCORE.dll
0x00007fffb5ac0000 - 0x00007fffb5b15000 	C:\Windows\System32\shlwapi.dll
0x00007fffb4190000 - 0x00007fffb41af000 	C:\Windows\SYSTEM32\profapi.dll
0x00007fffae820000 - 0x00007fffae839000 	C:\Users\user\.p2\pool\plugins\org.eclipse.justj.openjdk.hotspot.jre.full.win32.x86_64_16.0.2.v20210721-1149\jre\bin\net.dll
0x00007fffaf480000 - 0x00007fffaf58a000 	C:\Windows\SYSTEM32\WINHTTP.dll
0x00007fffb3950000 - 0x00007fffb39ba000 	C:\Windows\system32\mswsock.dll
0x00007fffae770000 - 0x00007fffae783000 	C:\Users\user\.p2\pool\plugins\org.eclipse.justj.openjdk.hotspot.jre.full.win32.x86_64_16.0.2.v20210721-1149\jre\bin\nio.dll
0x00007fff318e0000 - 0x00007fff34ae1000 	C:\Program Files (x86)\opencv\build\java\x64\opencv_java455.dll
0x00007fffb4f10000 - 0x00007fffb503a000 	C:\Windows\System32\ole32.dll
0x00007fffb5c30000 - 0x00007fffb5cfd000 	C:\Windows\System32\OLEAUT32.dll
0x00007fffadd70000 - 0x00007fffadf2c000 	C:\Windows\SYSTEM32\MFPlat.DLL
0x00007fffa0e50000 - 0x00007fffa0ed4000 	C:\Windows\SYSTEM32\MF.dll
0x00007fff4e0e0000 - 0x00007fff4e1ea000 	C:\Windows\SYSTEM32\MFReadWrite.dll
0x00007fffb4b40000 - 0x00007fffb4b8e000 	C:\Windows\System32\cfgmgr32.dll
0x00007fff8b1f0000 - 0x00007fff8b67f000 	C:\Windows\SYSTEM32\MFCORE.DLL
0x00007fffb48e0000 - 0x00007fffb4a36000 	C:\Windows\System32\CRYPT32.dll
0x00007fffb48b0000 - 0x00007fffb48d7000 	C:\Windows\System32\bcrypt.dll
0x00007fffb3fb0000 - 0x00007fffb3ffb000 	C:\Windows\SYSTEM32\powrprof.dll
0x00007fffae250000 - 0x00007fffae259000 	C:\Windows\SYSTEM32\ksuser.dll
0x00007fffb3de0000 - 0x00007fffb3dec000 	C:\Windows\SYSTEM32\CRYPTBASE.DLL
0x00007fffadcc0000 - 0x00007fffadcf5000 	C:\Windows\SYSTEM32\RTWorkQ.DLL
0x00007fffb3f90000 - 0x00007fffb3fa2000 	C:\Windows\SYSTEM32\UMPDC.dll
0x00007fff80310000 - 0x00007fff8048f000 	C:\Users\user\.p2\pool\plugins\org.eclipse.justj.openjdk.hotspot.jre.full.win32.x86_64_16.0.2.v20210721-1149\jre\bin\awt.dll
0x00007fffb1430000 - 0x00007fffb14c0000 	C:\Windows\SYSTEM32\apphelp.dll
0x00007fffb3b40000 - 0x00007fffb3b58000 	C:\Windows\SYSTEM32\CRYPTSP.dll
0x00007fffb32d0000 - 0x00007fffb3304000 	C:\Windows\system32\rsaenh.dll
0x00007fffb4150000 - 0x00007fffb417e000 	C:\Windows\SYSTEM32\USERENV.dll
0x00007fffb3640000 - 0x00007fffb367b000 	C:\Windows\SYSTEM32\IPHLPAPI.DLL
0x00007fffb5910000 - 0x00007fffb5918000 	C:\Windows\System32\NSI.dll
0x00007fffa9830000 - 0x00007fffa9847000 	C:\Windows\SYSTEM32\dhcpcsvc6.DLL
0x00007fffad280000 - 0x00007fffad29d000 	C:\Windows\SYSTEM32\dhcpcsvc.DLL
0x00007fffb3680000 - 0x00007fffb374b000 	C:\Windows\SYSTEM32\DNSAPI.dll
0x00007fffb1ab0000 - 0x00007fffb1adf000 	C:\Windows\system32\DWMAPI.DLL
0x00007fffb18c0000 - 0x00007fffb195e000 	C:\Windows\system32\uxtheme.dll
0x00007fff8c2b0000 - 0x00007fff8c3d6000 	C:\Windows\system32\opengl32.dll
0x00007fffa1350000 - 0x00007fffa137c000 	C:\Windows\SYSTEM32\GLU32.dll
0x00007fffb5290000 - 0x00007fffb53a5000 	C:\Windows\System32\MSCTF.dll
0x00007fff815a0000 - 0x00007fff81629000 	C:\Users\user\.p2\pool\plugins\org.eclipse.justj.openjdk.hotspot.jre.full.win32.x86_64_16.0.2.v20210721-1149\jre\bin\freetype.dll
0x00007fff74d60000 - 0x00007fff74e56000 	C:\Users\user\.p2\pool\plugins\org.eclipse.justj.openjdk.hotspot.jre.full.win32.x86_64_16.0.2.v20210721-1149\jre\bin\harfbuzz.dll
0x00007fff97260000 - 0x00007fff97272000 	C:\Users\user\.p2\pool\plugins\org.eclipse.justj.openjdk.hotspot.jre.full.win32.x86_64_16.0.2.v20210721-1149\jre\bin\fontmanager.dll
0x00007fffa5f20000 - 0x00007fffa6019000 	C:\Windows\SYSTEM32\textinputframework.dll
0x00007fffb0dc0000 - 0x00007fffb111e000 	C:\Windows\System32\CoreUIComponents.dll
0x00007fffb1120000 - 0x00007fffb1212000 	C:\Windows\System32\CoreMessaging.dll
0x00007fffb2f60000 - 0x00007fffb2f93000 	C:\Windows\SYSTEM32\ntmarta.dll
0x00007fffaf970000 - 0x00007fffafac4000 	C:\Windows\SYSTEM32\wintypes.dll

dbghelp: loaded successfully - version: 4.0.5 - missing functions: none
symbol engine: initialized successfully - sym options: 0x614 - pdb path: .;C:\Users\user\.p2\pool\plugins\org.eclipse.justj.openjdk.hotspot.jre.full.win32.x86_64_16.0.2.v20210721-1149\jre\bin;C:\Windows\SYSTEM32;C:\Windows\WinSxS\amd64_microsoft.windows.common-controls_6595b64144ccf1df_6.0.19041.1110_none_60b5254171f9507e;C:\Users\user\.p2\pool\plugins\org.eclipse.justj.openjdk.hotspot.jre.full.win32.x86_64_16.0.2.v20210721-1149\jre\bin\server;C:\Program Files (x86)\opencv\build\java\x64

VM Arguments:
jvm_args: -Djava.library.path=C:\Program Files (x86)\opencv\build\java\x64 -Dfile.encoding=Cp1252 --module-path=C:\Users\user\Desktop\twizzy\bin;C:\Program Files (x86)\opencv\build\java\opencv-455.jar -XX:+ShowCodeDetailsInExceptionMessages -Djdk.module.main=TwizyProject 
java_command: TwizyProject/ImageProcessing.Main
java_class_path (initial): <not set>
Launcher Type: SUN_STANDARD

[Global flags]
     intx CICompilerCount                          = 4                                         {product} {ergonomic}
     uint ConcGCThreads                            = 2                                         {product} {ergonomic}
     uint G1ConcRefinementThreads                  = 8                                         {product} {ergonomic}
   size_t G1HeapRegionSize                         = 1048576                                   {product} {ergonomic}
    uintx GCDrainStackTargetSize                   = 64                                        {product} {ergonomic}
   size_t InitialHeapSize                          = 132120576                                 {product} {ergonomic}
   size_t MarkStackSize                            = 4194304                                   {product} {ergonomic}
   size_t MaxHeapSize                              = 2095054848                                {product} {ergonomic}
   size_t MaxNewSize                               = 1256194048                                {product} {ergonomic}
   size_t MinHeapDeltaBytes                        = 1048576                                   {product} {ergonomic}
   size_t MinHeapSize                              = 8388608                                   {product} {ergonomic}
    uintx NonNMethodCodeHeapSize                   = 5839372                                {pd product} {ergonomic}
    uintx NonProfiledCodeHeapSize                  = 122909434                              {pd product} {ergonomic}
    uintx ProfiledCodeHeapSize                     = 122909434                              {pd product} {ergonomic}
    uintx ReservedCodeCacheSize                    = 251658240                              {pd product} {ergonomic}
     bool SegmentedCodeCache                       = true                                      {product} {ergonomic}
     bool ShowCodeDetailsInExceptionMessages       = true                                   {manageable} {command line}
   size_t SoftMaxHeapSize                          = 2095054848                             {manageable} {ergonomic}
     bool UseCompressedClassPointers               = true                           {product lp64_product} {ergonomic}
     bool UseCompressedOops                        = true                           {product lp64_product} {ergonomic}
     bool UseG1GC                                  = true                                      {product} {ergonomic}
     bool UseLargePagesIndividualAllocation        = false                                  {pd product} {ergonomic}

Logging:
Log output configuration:
 #0: stdout all=warning uptime,level,tags
 #1: stderr all=off uptime,level,tags

Environment Variables:
PATH=C:/Users/user/.p2/pool/plugins/org.eclipse.justj.openjdk.hotspot.jre.full.win32.x86_64_16.0.2.v20210721-1149/jre/bin/server;C:/Users/user/.p2/pool/plugins/org.eclipse.justj.openjdk.hotspot.jre.full.win32.x86_64_16.0.2.v20210721-1149/jre/bin;C:\Program Files\Common Files\Oracle\Java\javapath;C:\Windows\system32;C:\Windows;C:\Windows\System32\Wbem;C:\Windows\System32\WindowsPowerShell\v1.0\;C:\Windows\System32\OpenSSH\;C:\Program Files\Git\cmd;C:\Program Files\Java\jdk-17.0.1\bin;C:\Program Files\apache-maven-3.8.3\bin;C:\Program Files\PuTTY\;C:\Users\user\AppData\Local\Microsoft\WindowsApps;C:\MinGW\bin;C:\MinGW\;;C:\Users\user\Desktop;
USERNAME=user
OS=Windows_NT
PROCESSOR_IDENTIFIER=Intel64 Family 6 Model 140 Stepping 1, GenuineIntel



---------------  S Y S T E M  ---------------

OS:
 Windows 10 , 64 bit Build 19041 (10.0.19041.1645)
OS uptime: 0 days 9:04 hours

CPU: total 8 (initial active 8) (4 cores per cpu, 2 threads per core) family 6 model 140 stepping 1 microcode 0x66, cx8, cmov, fxsr, ht, mmx, 3dnowpref, sse, sse2, sse3, ssse3, sse4.1, sse4.2, popcnt, lzcnt, tsc, tscinvbit, avx, avx2, aes, erms, clmul, bmi1, bmi2, adx, avx512f, avx512dq, avx512cd, avx512bw, avx512vl, sha, fma, vzeroupper, avx512_vpopcntdq, avx512_vpclmulqdq, avx512_vaes, avx512_vnni, clflush, clflushopt, clwb, avx512_vmbi2, avx512_vmbi

Memory: 4k page, system-wide physical 7991M (433M free)
TotalPageFile size 32567M (AvailPageFile size 4M)
current process WorkingSet (physical memory assigned to process): 119M, peak: 124M
current process commit charge ("private bytes"): 243M, peak: 248M

vm_info: OpenJDK 64-Bit Server VM (16.0.2+7-67) for windows-amd64 JRE (16.0.2+7-67), built on Jun  8 2021 23:21:43 by "mach5one" with MS VC++ 16.7 (VS2019)

END.
